20211226T180537
linux-5.4.0-91-generic-x86-64-x86-64
metrics-4.1.22
mvn -Dmaven.repo.local=/mnt/ramdisk/.m2/repository -T 8 clean test package
[INFO] Scanning for projects...
[INFO] ------------------------------------------------------------------------
[INFO] Reactor Build Order:
[INFO] 
[INFO] Metrics Parent                                                     [pom]
[INFO] Metrics Documentation                                              [jar]
[INFO] Metrics BOM                                                        [pom]
[INFO] Annotations for Metrics                                         [bundle]
[INFO] Metrics Core                                                    [bundle]
[INFO] Benchmarks for Metrics                                             [jar]
[INFO] Metrics Integration for Caffeine                                [bundle]
[INFO] Metrics Integration for Collectd                                [bundle]
[INFO] Metrics Integration for Ehcache                                 [bundle]
[INFO] Graphite Integration for Metrics                                [bundle]
[INFO] JVM Integration for Metrics                                     [bundle]
[INFO] Metrics Health Checks                                           [bundle]
[INFO] Metrics Integration for Apache HttpClient                       [bundle]
[INFO] Metrics Integration for Apache HttpClient 5.x                   [bundle]
[INFO] Metrics Integration for Apache HttpAsyncClient                  [bundle]
[INFO] Metrics Integration for JCache                                  [bundle]
[INFO] Metrics JCStress tests                                             [jar]
[INFO] Metrics Integration for JDBI                                    [bundle]
[INFO] Metrics Integration for JDBI3                                   [bundle]
[INFO] Metrics Integration for Jersey 2.x                              [bundle]
[INFO] Metrics Integration for Jetty 9.3 and higher                    [bundle]
[INFO] Metrics Integration with JMX                                    [bundle]
[INFO] Jackson Integration for Metrics                                 [bundle]
[INFO] Metrics Integration for Log4j 2.x                               [bundle]
[INFO] Metrics Integration for Logback                                 [bundle]
[INFO] Metrics Integration for Servlets                                [bundle]
[INFO] Metrics Utility Servlets                                        [bundle]
[INFO] 
[INFO] Using the MultiThreadedBuilder implementation with a thread count of 8
[INFO] 
[INFO] ----------------< io.dropwizard.metrics:metrics-parent >----------------
[INFO] Building Metrics Parent 4.1.22                                    [1/27]
[INFO] --------------------------------[ pom ]---------------------------------
[INFO] 
[INFO] --- maven-clean-plugin:2.5:clean (default-clean) @ metrics-parent ---
[INFO] 
[INFO] --- maven-enforcer-plugin:1.4.1:enforce (enforce) @ metrics-parent ---
[INFO] 
[INFO] --- jacoco-maven-plugin:0.8.7:prepare-agent (prepare-agent) @ metrics-parent ---
[INFO] argLine set to -javaagent:/mnt/ramdisk/.m2/repository/org/jacoco/org.jacoco.agent/0.8.7/org.jacoco.agent-0.8.7-runtime.jar=destfile=/mnt/ramdisk/build-bench/metrics-4.1.22/target/jacoco.exec
[INFO] 
[INFO] --- maven-enforcer-plugin:1.4.1:enforce (enforce) @ metrics-parent ---
[INFO] 
[INFO] --- jacoco-maven-plugin:0.8.7:prepare-agent (prepare-agent) @ metrics-parent ---
[INFO] argLine set to -javaagent:/mnt/ramdisk/.m2/repository/org/jacoco/org.jacoco.agent/0.8.7/org.jacoco.agent-0.8.7-runtime.jar=destfile=/mnt/ramdisk/build-bench/metrics-4.1.22/target/jacoco.exec
[INFO] 
[INFO] 
[INFO] ---------------------< io.dropwizard.metrics:docs >---------------------
[INFO] 
[INFO] --------------< io.dropwizard.metrics:metrics-annotation >--------------
[INFO] -----------------< io.dropwizard.metrics:metrics-bom >------------------
[INFO] Building Annotations for Metrics 4.1.22                           [3/27]
[INFO] -------------------------------[ bundle ]-------------------------------
[INFO] Building Metrics Documentation 4.1.22                             [2/27]
[INFO] Building Metrics BOM 4.1.22                                       [4/27]
[INFO] --------------------------------[ jar ]---------------------------------
[INFO] --------------------------------[ pom ]---------------------------------
[INFO] 
[INFO] -----------------< io.dropwizard.metrics:metrics-core >-----------------
[INFO] Building Metrics Core 4.1.22                                      [5/27]
[INFO] -------------------------------[ bundle ]-------------------------------
[INFO] 
[INFO] --- maven-clean-plugin:2.5:clean (default-clean) @ metrics-bom ---
[INFO] 
[INFO] --- maven-enforcer-plugin:1.4.1:enforce (enforce) @ metrics-bom ---
[INFO] 
[INFO] --- jacoco-maven-plugin:0.8.7:prepare-agent (prepare-agent) @ metrics-bom ---
[INFO] argLine set to -javaagent:/mnt/ramdisk/.m2/repository/org/jacoco/org.jacoco.agent/0.8.7/org.jacoco.agent-0.8.7-runtime.jar=destfile=/mnt/ramdisk/build-bench/metrics-4.1.22/metrics-bom/target/jacoco.exec
[INFO] 
[INFO] --- maven-enforcer-plugin:1.4.1:enforce (enforce) @ metrics-bom ---
[INFO] 
[INFO] 
[INFO] --- maven-clean-plugin:2.5:clean (default-clean) @ docs ---
[INFO] --- jacoco-maven-plugin:0.8.7:prepare-agent (prepare-agent) @ metrics-bom ---
[INFO] Deleting /mnt/ramdisk/build-bench/metrics-4.1.22/docs/target
[INFO] argLine set to -javaagent:/mnt/ramdisk/.m2/repository/org/jacoco/org.jacoco.agent/0.8.7/org.jacoco.agent-0.8.7-runtime.jar=destfile=/mnt/ramdisk/build-bench/metrics-4.1.22/metrics-bom/target/jacoco.exec
[INFO] 
[INFO] --- maven-clean-plugin:2.5:clean (default-clean) @ metrics-core ---
[INFO] 
[INFO] --- maven-clean-plugin:2.5:clean (default-clean) @ metrics-annotation ---
[INFO] Deleting /mnt/ramdisk/build-bench/metrics-4.1.22/metrics-core/target
[INFO] Deleting /mnt/ramdisk/build-bench/metrics-4.1.22/metrics-annotation/target
[INFO] 
[INFO] --- maven-enforcer-plugin:1.4.1:enforce (enforce) @ metrics-annotation ---
[INFO] 
[INFO] --- maven-enforcer-plugin:1.4.1:enforce (enforce) @ docs ---
[INFO] 
[INFO] --- jacoco-maven-plugin:0.8.7:prepare-agent (prepare-agent) @ metrics-annotation ---
[INFO] argLine set to -javaagent:/mnt/ramdisk/.m2/repository/org/jacoco/org.jacoco.agent/0.8.7/org.jacoco.agent-0.8.7-runtime.jar=destfile=/mnt/ramdisk/build-bench/metrics-4.1.22/metrics-annotation/target/jacoco.exec
[INFO] 
[INFO] --- jacoco-maven-plugin:0.8.7:prepare-agent (prepare-agent) @ docs ---
[INFO] argLine set to -javaagent:/mnt/ramdisk/.m2/repository/org/jacoco/org.jacoco.agent/0.8.7/org.jacoco.agent-0.8.7-runtime.jar=destfile=/mnt/ramdisk/build-bench/metrics-4.1.22/docs/target/jacoco.exec
[INFO] 
[INFO] 
[INFO] 
[INFO] --- maven-resources-plugin:3.2.0:resources (default-resources) @ metrics-annotation ---
[INFO] --- build-helper-maven-plugin:3.2.0:parse-version (parse-version) @ docs ---
[INFO] --- maven-enforcer-plugin:1.4.1:enforce (enforce) @ metrics-core ---
[INFO] 
[INFO] --- jacoco-maven-plugin:0.8.7:prepare-agent (prepare-agent) @ metrics-core ---
[INFO] Using 'UTF-8' encoding to copy filtered resources.
[INFO] Using 'UTF-8' encoding to copy filtered properties files.
[INFO] skip non existing resourceDirectory /mnt/ramdisk/build-bench/metrics-4.1.22/metrics-annotation/src/main/resources
[INFO] 
[INFO] --- maven-compiler-plugin:3.8.1:compile (default-compile) @ metrics-annotation ---
[INFO] 
[INFO] --- maven-resources-plugin:3.2.0:resources (process-resources) @ docs ---
[INFO] argLine set to -javaagent:/mnt/ramdisk/.m2/repository/org/jacoco/org.jacoco.agent/0.8.7/org.jacoco.agent-0.8.7-runtime.jar=destfile=/mnt/ramdisk/build-bench/metrics-4.1.22/metrics-core/target/jacoco.exec
[INFO] 
[INFO] --- maven-resources-plugin:3.2.0:resources (default-resources) @ metrics-core ---
[INFO] Using 'UTF-8' encoding to copy filtered resources.
[INFO] Using 'UTF-8' encoding to copy filtered properties files.
[INFO] skip non existing resourceDirectory /mnt/ramdisk/build-bench/metrics-4.1.22/metrics-core/src/main/resources
[INFO] 
[INFO] --- maven-compiler-plugin:3.8.1:compile (default-compile) @ metrics-core ---
[INFO] Using 'UTF-8' encoding to copy filtered resources.
[INFO] Using 'UTF-8' encoding to copy filtered properties files.
[INFO] Copying 72 resources
[INFO] Changes detected - recompiling the module!
[INFO] Changes detected - recompiling the module!
[INFO] Compiling 44 source files to /mnt/ramdisk/build-bench/metrics-4.1.22/metrics-core/target/classes
[INFO] Compiling 8 source files to /mnt/ramdisk/build-bench/metrics-4.1.22/metrics-annotation/target/classes
[INFO] 
[INFO] --- maven-resources-plugin:3.2.0:resources (default-resources) @ docs ---
[INFO] Using 'UTF-8' encoding to copy filtered resources.
[INFO] Using 'UTF-8' encoding to copy filtered properties files.
[INFO] Copying 72 resources
[INFO] 
[INFO] --- maven-compiler-plugin:3.8.1:compile (default-compile) @ docs ---
[INFO] No sources to compile
[INFO] 
[INFO] --- maven-resources-plugin:3.2.0:testResources (default-testResources) @ docs ---
[INFO] Using 'UTF-8' encoding to copy filtered resources.
[INFO] Using 'UTF-8' encoding to copy filtered properties files.
[INFO] skip non existing resourceDirectory /mnt/ramdisk/build-bench/metrics-4.1.22/docs/src/test/resources
[INFO] 
[INFO] --- maven-compiler-plugin:3.8.1:testCompile (default-testCompile) @ docs ---
[INFO] No sources to compile
[INFO] 
[INFO] --- maven-surefire-plugin:2.22.2:test (default-test) @ docs ---
[INFO] No tests to run.
[INFO] 
[INFO] --- maven-enforcer-plugin:1.4.1:enforce (enforce) @ docs ---
[INFO] 
[INFO] --- jacoco-maven-plugin:0.8.7:prepare-agent (prepare-agent) @ docs ---
[INFO] argLine set to -javaagent:/mnt/ramdisk/.m2/repository/org/jacoco/org.jacoco.agent/0.8.7/org.jacoco.agent-0.8.7-runtime.jar=destfile=/mnt/ramdisk/build-bench/metrics-4.1.22/docs/target/jacoco.exec
[INFO] 
[INFO] --- build-helper-maven-plugin:3.2.0:parse-version (parse-version) @ docs ---
[INFO] 
[INFO] --- maven-resources-plugin:3.2.0:resources (process-resources) @ docs ---
[INFO] Using 'UTF-8' encoding to copy filtered resources.
[INFO] Using 'UTF-8' encoding to copy filtered properties files.
[INFO] Copying 72 resources
[INFO] 
[INFO] --- maven-resources-plugin:3.2.0:resources (default-resources) @ docs ---
[INFO] Using 'UTF-8' encoding to copy filtered resources.
[INFO] Using 'UTF-8' encoding to copy filtered properties files.
[INFO] Copying 72 resources
[INFO] 
[INFO] --- maven-compiler-plugin:3.8.1:compile (default-compile) @ docs ---
[INFO] No sources to compile
[INFO] 
[INFO] --- maven-resources-plugin:3.2.0:testResources (default-testResources) @ docs ---
[INFO] Using 'UTF-8' encoding to copy filtered resources.
[INFO] Using 'UTF-8' encoding to copy filtered properties files.
[INFO] skip non existing resourceDirectory /mnt/ramdisk/build-bench/metrics-4.1.22/docs/src/test/resources
[INFO] 
[INFO] --- maven-compiler-plugin:3.8.1:testCompile (default-testCompile) @ docs ---
[INFO] No sources to compile
[INFO] 
[INFO] --- maven-surefire-plugin:2.22.2:test (default-test) @ docs ---
[INFO] No tests to run.
[INFO] Skipping execution of surefire because it has already been run for this configuration
[INFO] 
[INFO] --- maven-jar-plugin:3.2.0:jar (default-jar) @ docs ---
WARNING: An illegal reflective access operation has occurred
WARNING: Illegal reflective access by com.google.errorprone.util.ErrorProneTokens$CommentSavingTokenizer (file:/mnt/ramdisk/.m2/repository/com/google/errorprone/error_prone_check_api/2.7.1/error_prone_check_api-2.7.1.jar) to field com.sun.tools.javac.parser.JavaTokenizer.reader
WARNING: Please consider reporting this to the maintainers of com.google.errorprone.util.ErrorProneTokens$CommentSavingTokenizer
WARNING: Use --illegal-access=warn to enable warnings of further illegal reflective access operations
WARNING: All illegal access operations will be denied in a future release
[INFO] Building jar: /mnt/ramdisk/build-bench/metrics-4.1.22/docs/target/docs-4.1.22.jar
[WARNING] bootstrap class path not set in conjunction with -source 8
[WARNING] /mnt/ramdisk/build-bench/metrics-4.1.22/metrics-annotation/src/main/java/com/codahale/metrics/annotation/Metric.java:[38,8] [MissingSummary] A summary fragment is required; consider using the value of the @return block as a summary fragment instead.
    (see https://google.github.io/styleguide/javaguide.html#s7.2-summary-fragment)
  Did you mean '*Returns the name of the metric.'?
[WARNING] /mnt/ramdisk/build-bench/metrics-4.1.22/metrics-annotation/src/main/java/com/codahale/metrics/annotation/Metric.java:[43,8] [MissingSummary] A summary fragment is required; consider using the value of the @return block as a summary fragment instead.
    (see https://google.github.io/styleguide/javaguide.html#s7.2-summary-fragment)
  Did you mean '*Returns if {@code true}, use the given name as an absolute name. If {@code false},'?
[WARNING] /mnt/ramdisk/build-bench/metrics-4.1.22/metrics-annotation/src/main/java/com/codahale/metrics/annotation/CachedGauge.java:[33,8] [MissingSummary] A summary fragment is required; consider using the value of the @return block as a summary fragment instead.
    (see https://google.github.io/styleguide/javaguide.html#s7.2-summary-fragment)
  Did you mean '*Returns the name of the counter.'?
[WARNING] /mnt/ramdisk/build-bench/metrics-4.1.22/metrics-annotation/src/main/java/com/codahale/metrics/annotation/CachedGauge.java:[38,8] [MissingSummary] A summary fragment is required; consider using the value of the @return block as a summary fragment instead.
    (see https://google.github.io/styleguide/javaguide.html#s7.2-summary-fragment)
  Did you mean '*Returns if {@code true}, use the given name as an absolute name. If {@code false}, use the given name'?
[WARNING] /mnt/ramdisk/build-bench/metrics-4.1.22/metrics-annotation/src/main/java/com/codahale/metrics/annotation/CachedGauge.java:[44,8] [MissingSummary] A summary fragment is required; consider using the value of the @return block as a summary fragment instead.
    (see https://google.github.io/styleguide/javaguide.html#s7.2-summary-fragment)
  Did you mean '*Returns the amount of time to cache the result.'?
[WARNING] /mnt/ramdisk/build-bench/metrics-4.1.22/metrics-annotation/src/main/java/com/codahale/metrics/annotation/CachedGauge.java:[49,8] [MissingSummary] A summary fragment is required; consider using the value of the @return block as a summary fragment instead.
    (see https://google.github.io/styleguide/javaguide.html#s7.2-summary-fragment)
  Did you mean '*Returns the unit of timeout.'?
[WARNING] /mnt/ramdisk/build-bench/metrics-4.1.22/metrics-annotation/src/main/java/com/codahale/metrics/annotation/ExceptionMetered.java:[50,8] [MissingSummary] A summary fragment is required; consider using the value of the @return block as a summary fragment instead.
    (see https://google.github.io/styleguide/javaguide.html#s7.2-summary-fragment)
  Did you mean '*Returns the name of the meter. If not specified, the meter will be given a name based on the method'?
[WARNING] /mnt/ramdisk/build-bench/metrics-4.1.22/metrics-annotation/src/main/java/com/codahale/metrics/annotation/ExceptionMetered.java:[56,8] [MissingSummary] A summary fragment is required; consider using the value of the @return block as a summary fragment instead.
    (see https://google.github.io/styleguide/javaguide.html#s7.2-summary-fragment)
  Did you mean '*Returns if {@code true}, use the given name as an absolute name. If {@code false}, use the given name'?
[WARNING] /mnt/ramdisk/build-bench/metrics-4.1.22/metrics-annotation/src/main/java/com/codahale/metrics/annotation/ExceptionMetered.java:[62,8] [MissingSummary] A summary fragment is required; consider using the value of the @return block as a summary fragment instead.
    (see https://google.github.io/styleguide/javaguide.html#s7.2-summary-fragment)
  Did you mean '*Returns the type of exceptions that the meter will catch and count.'?
[WARNING] /mnt/ramdisk/build-bench/metrics-4.1.22/metrics-annotation/src/main/java/com/codahale/metrics/annotation/Timed.java:[30,8] [MissingSummary] A summary fragment is required; consider using the value of the @return block as a summary fragment instead.
    (see https://google.github.io/styleguide/javaguide.html#s7.2-summary-fragment)
  Did you mean '*Returns the name of the timer.'?
[WARNING] /mnt/ramdisk/build-bench/metrics-4.1.22/metrics-annotation/src/main/java/com/codahale/metrics/annotation/Timed.java:[35,8] [MissingSummary] A summary fragment is required; consider using the value of the @return block as a summary fragment instead.
    (see https://google.github.io/styleguide/javaguide.html#s7.2-summary-fragment)
  Did you mean '*Returns if {@code true}, use the given name as an absolute name. If {@code false}, use the given name'?
[WARNING] /mnt/ramdisk/build-bench/metrics-4.1.22/metrics-annotation/src/main/java/com/codahale/metrics/annotation/Metered.java:[30,8] [MissingSummary] A summary fragment is required; consider using the value of the @return block as a summary fragment instead.
    (see https://google.github.io/styleguide/javaguide.html#s7.2-summary-fragment)
  Did you mean '*Returns the name of the meter.'?
[WARNING] /mnt/ramdisk/build-bench/metrics-4.1.22/metrics-annotation/src/main/java/com/codahale/metrics/annotation/Metered.java:[35,8] [MissingSummary] A summary fragment is required; consider using the value of the @return block as a summary fragment instead.
    (see https://google.github.io/styleguide/javaguide.html#s7.2-summary-fragment)
  Did you mean '*Returns if {@code true}, use the given name as an absolute name. If {@code false}, use the given name'?
[WARNING] /mnt/ramdisk/build-bench/metrics-4.1.22/metrics-annotation/src/main/java/com/codahale/metrics/annotation/ResponseMetered.java:[30,8] [MissingSummary] A summary fragment is required; consider using the value of the @return block as a summary fragment instead.
    (see https://google.github.io/styleguide/javaguide.html#s7.2-summary-fragment)
  Did you mean '*Returns the name of the meter.'?
[WARNING] /mnt/ramdisk/build-bench/metrics-4.1.22/metrics-annotation/src/main/java/com/codahale/metrics/annotation/ResponseMetered.java:[35,8] [MissingSummary] A summary fragment is required; consider using the value of the @return block as a summary fragment instead.
    (see https://google.github.io/styleguide/javaguide.html#s7.2-summary-fragment)
  Did you mean '*Returns if {@code true}, use the given name as an absolute name. If {@code false}, use the given name'?
[WARNING] /mnt/ramdisk/build-bench/metrics-4.1.22/metrics-annotation/src/main/java/com/codahale/metrics/annotation/Gauge.java:[26,8] [MissingSummary] A summary fragment is required; consider using the value of the @return block as a summary fragment instead.
    (see https://google.github.io/styleguide/javaguide.html#s7.2-summary-fragment)
  Did you mean '*Returns the gauge's name.'?
[WARNING] /mnt/ramdisk/build-bench/metrics-4.1.22/metrics-annotation/src/main/java/com/codahale/metrics/annotation/Gauge.java:[31,8] [MissingSummary] A summary fragment is required; consider using the value of the @return block as a summary fragment instead.
    (see https://google.github.io/styleguide/javaguide.html#s7.2-summary-fragment)
  Did you mean '*Returns if {@code true}, use the given name as an absolute name. If {@code false}, use the given name'?
[WARNING] /mnt/ramdisk/build-bench/metrics-4.1.22/metrics-annotation/src/main/java/com/codahale/metrics/annotation/Counted.java:[34,8] [MissingSummary] A summary fragment is required; consider using the value of the @return block as a summary fragment instead.
    (see https://google.github.io/styleguide/javaguide.html#s7.2-summary-fragment)
  Did you mean '*Returns the name of the counter.'?
[WARNING] /mnt/ramdisk/build-bench/metrics-4.1.22/metrics-annotation/src/main/java/com/codahale/metrics/annotation/Counted.java:[39,8] [MissingSummary] A summary fragment is required; consider using the value of the @return block as a summary fragment instead.
    (see https://google.github.io/styleguide/javaguide.html#s7.2-summary-fragment)
  Did you mean '*Returns if {@code true}, use the given name as an absolute name. If {@code false}, use the given name'?
[WARNING] /mnt/ramdisk/build-bench/metrics-4.1.22/metrics-annotation/src/main/java/com/codahale/metrics/annotation/Counted.java:[45,8] [MissingSummary] A summary fragment is required; consider using the value of the @return block as a summary fragment instead.
    (see https://google.github.io/styleguide/javaguide.html#s7.2-summary-fragment)
  Did you mean '*Returns if {@code false} (default), the counter is decremented when the annotated'?
[INFO] 
[INFO] --- maven-resources-plugin:3.2.0:testResources (default-testResources) @ metrics-annotation ---
[INFO] Using 'UTF-8' encoding to copy filtered resources.
[INFO] Using 'UTF-8' encoding to copy filtered properties files.
[INFO] skip non existing resourceDirectory /mnt/ramdisk/build-bench/metrics-4.1.22/metrics-annotation/src/test/resources
[INFO] 
[INFO] --- maven-compiler-plugin:3.8.1:testCompile (default-testCompile) @ metrics-annotation ---
[INFO] No sources to compile
[INFO] 
[INFO] --- maven-surefire-plugin:2.22.2:test (default-test) @ metrics-annotation ---
[INFO] No tests to run.
[INFO] 
[INFO] --- maven-enforcer-plugin:1.4.1:enforce (enforce) @ metrics-annotation ---
[INFO] 
[INFO] --- jacoco-maven-plugin:0.8.7:prepare-agent (prepare-agent) @ metrics-annotation ---
[INFO] argLine set to -javaagent:/mnt/ramdisk/.m2/repository/org/jacoco/org.jacoco.agent/0.8.7/org.jacoco.agent-0.8.7-runtime.jar=destfile=/mnt/ramdisk/build-bench/metrics-4.1.22/metrics-annotation/target/jacoco.exec
[INFO] 
[INFO] --- maven-resources-plugin:3.2.0:resources (default-resources) @ metrics-annotation ---
[INFO] Using 'UTF-8' encoding to copy filtered resources.
[INFO] Using 'UTF-8' encoding to copy filtered properties files.
[INFO] skip non existing resourceDirectory /mnt/ramdisk/build-bench/metrics-4.1.22/metrics-annotation/src/main/resources
[INFO] 
[INFO] --- maven-compiler-plugin:3.8.1:compile (default-compile) @ metrics-annotation ---
[INFO] Changes detected - recompiling the module!
[INFO] Compiling 8 source files to /mnt/ramdisk/build-bench/metrics-4.1.22/metrics-annotation/target/classes
[WARNING] bootstrap class path not set in conjunction with -source 8
[WARNING] /mnt/ramdisk/build-bench/metrics-4.1.22/metrics-annotation/src/main/java/com/codahale/metrics/annotation/Metric.java:[38,8] [MissingSummary] A summary fragment is required; consider using the value of the @return block as a summary fragment instead.
    (see https://google.github.io/styleguide/javaguide.html#s7.2-summary-fragment)
  Did you mean '*Returns the name of the metric.'?
[WARNING] /mnt/ramdisk/build-bench/metrics-4.1.22/metrics-annotation/src/main/java/com/codahale/metrics/annotation/Metric.java:[43,8] [MissingSummary] A summary fragment is required; consider using the value of the @return block as a summary fragment instead.
    (see https://google.github.io/styleguide/javaguide.html#s7.2-summary-fragment)
  Did you mean '*Returns if {@code true}, use the given name as an absolute name. If {@code false},'?
[WARNING] /mnt/ramdisk/build-bench/metrics-4.1.22/metrics-annotation/src/main/java/com/codahale/metrics/annotation/CachedGauge.java:[33,8] [MissingSummary] A summary fragment is required; consider using the value of the @return block as a summary fragment instead.
    (see https://google.github.io/styleguide/javaguide.html#s7.2-summary-fragment)
  Did you mean '*Returns the name of the counter.'?
[WARNING] /mnt/ramdisk/build-bench/metrics-4.1.22/metrics-annotation/src/main/java/com/codahale/metrics/annotation/CachedGauge.java:[38,8] [MissingSummary] A summary fragment is required; consider using the value of the @return block as a summary fragment instead.
    (see https://google.github.io/styleguide/javaguide.html#s7.2-summary-fragment)
  Did you mean '*Returns if {@code true}, use the given name as an absolute name. If {@code false}, use the given name'?
[WARNING] /mnt/ramdisk/build-bench/metrics-4.1.22/metrics-annotation/src/main/java/com/codahale/metrics/annotation/CachedGauge.java:[44,8] [MissingSummary] A summary fragment is required; consider using the value of the @return block as a summary fragment instead.
    (see https://google.github.io/styleguide/javaguide.html#s7.2-summary-fragment)
  Did you mean '*Returns the amount of time to cache the result.'?
[WARNING] /mnt/ramdisk/build-bench/metrics-4.1.22/metrics-annotation/src/main/java/com/codahale/metrics/annotation/CachedGauge.java:[49,8] [MissingSummary] A summary fragment is required; consider using the value of the @return block as a summary fragment instead.
    (see https://google.github.io/styleguide/javaguide.html#s7.2-summary-fragment)
  Did you mean '*Returns the unit of timeout.'?
[WARNING] /mnt/ramdisk/build-bench/metrics-4.1.22/metrics-annotation/src/main/java/com/codahale/metrics/annotation/ExceptionMetered.java:[50,8] [MissingSummary] A summary fragment is required; consider using the value of the @return block as a summary fragment instead.
    (see https://google.github.io/styleguide/javaguide.html#s7.2-summary-fragment)
  Did you mean '*Returns the name of the meter. If not specified, the meter will be given a name based on the method'?
[WARNING] /mnt/ramdisk/build-bench/metrics-4.1.22/metrics-annotation/src/main/java/com/codahale/metrics/annotation/ExceptionMetered.java:[56,8] [MissingSummary] A summary fragment is required; consider using the value of the @return block as a summary fragment instead.
    (see https://google.github.io/styleguide/javaguide.html#s7.2-summary-fragment)
  Did you mean '*Returns if {@code true}, use the given name as an absolute name. If {@code false}, use the given name'?
[WARNING] /mnt/ramdisk/build-bench/metrics-4.1.22/metrics-annotation/src/main/java/com/codahale/metrics/annotation/ExceptionMetered.java:[62,8] [MissingSummary] A summary fragment is required; consider using the value of the @return block as a summary fragment instead.
    (see https://google.github.io/styleguide/javaguide.html#s7.2-summary-fragment)
  Did you mean '*Returns the type of exceptions that the meter will catch and count.'?
[WARNING] /mnt/ramdisk/build-bench/metrics-4.1.22/metrics-annotation/src/main/java/com/codahale/metrics/annotation/Timed.java:[30,8] [MissingSummary] A summary fragment is required; consider using the value of the @return block as a summary fragment instead.
    (see https://google.github.io/styleguide/javaguide.html#s7.2-summary-fragment)
  Did you mean '*Returns the name of the timer.'?
[WARNING] /mnt/ramdisk/build-bench/metrics-4.1.22/metrics-annotation/src/main/java/com/codahale/metrics/annotation/Timed.java:[35,8] [MissingSummary] A summary fragment is required; consider using the value of the @return block as a summary fragment instead.
    (see https://google.github.io/styleguide/javaguide.html#s7.2-summary-fragment)
  Did you mean '*Returns if {@code true}, use the given name as an absolute name. If {@code false}, use the given name'?
[WARNING] /mnt/ramdisk/build-bench/metrics-4.1.22/metrics-annotation/src/main/java/com/codahale/metrics/annotation/Metered.java:[30,8] [MissingSummary] A summary fragment is required; consider using the value of the @return block as a summary fragment instead.
    (see https://google.github.io/styleguide/javaguide.html#s7.2-summary-fragment)
  Did you mean '*Returns the name of the meter.'?
[WARNING] /mnt/ramdisk/build-bench/metrics-4.1.22/metrics-annotation/src/main/java/com/codahale/metrics/annotation/Metered.java:[35,8] [MissingSummary] A summary fragment is required; consider using the value of the @return block as a summary fragment instead.
    (see https://google.github.io/styleguide/javaguide.html#s7.2-summary-fragment)
  Did you mean '*Returns if {@code true}, use the given name as an absolute name. If {@code false}, use the given name'?
[WARNING] /mnt/ramdisk/build-bench/metrics-4.1.22/metrics-annotation/src/main/java/com/codahale/metrics/annotation/ResponseMetered.java:[30,8] [MissingSummary] A summary fragment is required; consider using the value of the @return block as a summary fragment instead.
    (see https://google.github.io/styleguide/javaguide.html#s7.2-summary-fragment)
  Did you mean '*Returns the name of the meter.'?
[WARNING] /mnt/ramdisk/build-bench/metrics-4.1.22/metrics-annotation/src/main/java/com/codahale/metrics/annotation/ResponseMetered.java:[35,8] [MissingSummary] A summary fragment is required; consider using the value of the @return block as a summary fragment instead.
    (see https://google.github.io/styleguide/javaguide.html#s7.2-summary-fragment)
  Did you mean '*Returns if {@code true}, use the given name as an absolute name. If {@code false}, use the given name'?
[WARNING] /mnt/ramdisk/build-bench/metrics-4.1.22/metrics-annotation/src/main/java/com/codahale/metrics/annotation/Gauge.java:[26,8] [MissingSummary] A summary fragment is required; consider using the value of the @return block as a summary fragment instead.
    (see https://google.github.io/styleguide/javaguide.html#s7.2-summary-fragment)
  Did you mean '*Returns the gauge's name.'?
[WARNING] /mnt/ramdisk/build-bench/metrics-4.1.22/metrics-annotation/src/main/java/com/codahale/metrics/annotation/Gauge.java:[31,8] [MissingSummary] A summary fragment is required; consider using the value of the @return block as a summary fragment instead.
    (see https://google.github.io/styleguide/javaguide.html#s7.2-summary-fragment)
  Did you mean '*Returns if {@code true}, use the given name as an absolute name. If {@code false}, use the given name'?
[WARNING] /mnt/ramdisk/build-bench/metrics-4.1.22/metrics-annotation/src/main/java/com/codahale/metrics/annotation/Counted.java:[34,8] [MissingSummary] A summary fragment is required; consider using the value of the @return block as a summary fragment instead.
    (see https://google.github.io/styleguide/javaguide.html#s7.2-summary-fragment)
  Did you mean '*Returns the name of the counter.'?
[WARNING] /mnt/ramdisk/build-bench/metrics-4.1.22/metrics-annotation/src/main/java/com/codahale/metrics/annotation/Counted.java:[39,8] [MissingSummary] A summary fragment is required; consider using the value of the @return block as a summary fragment instead.
    (see https://google.github.io/styleguide/javaguide.html#s7.2-summary-fragment)
  Did you mean '*Returns if {@code true}, use the given name as an absolute name. If {@code false}, use the given name'?
[WARNING] /mnt/ramdisk/build-bench/metrics-4.1.22/metrics-annotation/src/main/java/com/codahale/metrics/annotation/Counted.java:[45,8] [MissingSummary] A summary fragment is required; consider using the value of the @return block as a summary fragment instead.
    (see https://google.github.io/styleguide/javaguide.html#s7.2-summary-fragment)
  Did you mean '*Returns if {@code false} (default), the counter is decremented when the annotated'?
[INFO] 
[INFO] --- maven-resources-plugin:3.2.0:testResources (default-testResources) @ metrics-annotation ---
[INFO] Using 'UTF-8' encoding to copy filtered resources.
[INFO] Using 'UTF-8' encoding to copy filtered properties files.
[INFO] skip non existing resourceDirectory /mnt/ramdisk/build-bench/metrics-4.1.22/metrics-annotation/src/test/resources
[INFO] 
[INFO] --- maven-compiler-plugin:3.8.1:testCompile (default-testCompile) @ metrics-annotation ---
[INFO] No sources to compile
[INFO] 
[INFO] --- maven-surefire-plugin:2.22.2:test (default-test) @ metrics-annotation ---
[INFO] No tests to run.
[INFO] Skipping execution of surefire because it has already been run for this configuration
[INFO] 
[INFO] --- maven-bundle-plugin:5.1.2:bundle (default-bundle) @ metrics-annotation ---
[WARNING] Bundle io.dropwizard.metrics:metrics-annotation:bundle:4.1.22 : Unused Import-Package instructions: [javax.servlet*, org.slf4j*, sun.misc.*, com.sun.management.*] 
[WARNING] bootstrap class path not set in conjunction with -source 8
[WARNING] /mnt/ramdisk/build-bench/metrics-4.1.22/metrics-core/src/main/java/com/codahale/metrics/MovingAverages.java:[24,8] [EmptyBlockTag] A block tag (@param, @return, @throws, @deprecated) has an empty description. Block tags without descriptions don't add much value for future readers of the code; consider removing the tag entirely or adding a description.
    (see https://google.github.io/styleguide/javaguide.html#s7.1.3-javadoc-block-tags)
  Did you mean '*'?
[WARNING] /mnt/ramdisk/build-bench/metrics-4.1.22/metrics-core/src/main/java/com/codahale/metrics/ScheduledReporter.java:[50,30] [ThreadPriorityCheck] Relying on the thread scheduler is discouraged.
    (see https://errorprone.info/bugpattern/ThreadPriorityCheck)
[WARNING] /mnt/ramdisk/build-bench/metrics-4.1.22/metrics-core/src/main/java/com/codahale/metrics/Slf4jReporter.java:[177,34] [InvalidInlineTag] Curly braces should be used for inline Javadoc tags: {@link ...}
    (see https://errorprone.info/bugpattern/InvalidInlineTag)
  Did you mean '* @param loggingLevel a {@link Slf4jReporter.LoggingLevel}'?
[WARNING] /mnt/ramdisk/build-bench/metrics-4.1.22/metrics-core/src/main/java/com/codahale/metrics/WeightedSnapshot.java:[81,21] [UnnecessaryParentheses] These grouping parentheses are unnecessary; it is unlikely the code will be misinterpreted without them
    (see https://errorprone.info/bugpattern/UnnecessaryParentheses)
  Did you mean 'posx = (-posx - 1) - 1;'?
[WARNING] /mnt/ramdisk/build-bench/metrics-4.1.22/metrics-core/src/main/java/com/codahale/metrics/InstrumentedExecutorService.java:[179,32] auto-closeable resource durationContext is never referenced in body of corresponding try statement
[WARNING] /mnt/ramdisk/build-bench/metrics-4.1.22/metrics-core/src/main/java/com/codahale/metrics/InstrumentedExecutorService.java:[201,32] auto-closeable resource context is never referenced in body of corresponding try statement
[WARNING] /mnt/ramdisk/build-bench/metrics-4.1.22/metrics-core/src/main/java/com/codahale/metrics/ConsoleReporter.java:[231,51] [JavaUtilDate] Date has a bad API that leads to bugs; prefer java.time.Instant or LocalDate.
    (see https://errorprone.info/bugpattern/JavaUtilDate)
[INFO] 
[INFO] --- maven-resources-plugin:3.2.0:testResources (default-testResources) @ metrics-core ---
[INFO] Using 'UTF-8' encoding to copy filtered resources.
[INFO] Using 'UTF-8' encoding to copy filtered properties files.
[INFO] skip non existing resourceDirectory /mnt/ramdisk/build-bench/metrics-4.1.22/metrics-core/src/test/resources
[INFO] 
[INFO] --- maven-compiler-plugin:3.8.1:testCompile (default-testCompile) @ metrics-core ---
[INFO] Changes detected - recompiling the module!
[INFO] Compiling 33 source files to /mnt/ramdisk/build-bench/metrics-4.1.22/metrics-core/target/test-classes
[WARNING] bootstrap class path not set in conjunction with -source 8
[WARNING] /mnt/ramdisk/build-bench/metrics-4.1.22/metrics-core/src/test/java/com/codahale/metrics/TimerTest.java:[124,9] verifyZeroInteractions(java.lang.Object...) in org.mockito.Mockito has been deprecated
[WARNING] /mnt/ramdisk/build-bench/metrics-4.1.22/metrics-core/src/test/java/com/codahale/metrics/TimerTest.java:[142,9] verifyZeroInteractions(java.lang.Object...) in org.mockito.Mockito has been deprecated
[WARNING] /mnt/ramdisk/build-bench/metrics-4.1.22/metrics-core/src/test/java/com/codahale/metrics/MetricRegistryListenerTest.java:[28,9] verifyZeroInteractions(java.lang.Object...) in org.mockito.Mockito has been deprecated
[WARNING] /mnt/ramdisk/build-bench/metrics-4.1.22/metrics-core/src/test/java/com/codahale/metrics/MetricRegistryListenerTest.java:[35,9] verifyZeroInteractions(java.lang.Object...) in org.mockito.Mockito has been deprecated
[WARNING] /mnt/ramdisk/build-bench/metrics-4.1.22/metrics-core/src/test/java/com/codahale/metrics/MetricRegistryListenerTest.java:[42,9] verifyZeroInteractions(java.lang.Object...) in org.mockito.Mockito has been deprecated
[WARNING] /mnt/ramdisk/build-bench/metrics-4.1.22/metrics-core/src/test/java/com/codahale/metrics/MetricRegistryListenerTest.java:[49,9] verifyZeroInteractions(java.lang.Object...) in org.mockito.Mockito has been deprecated
[WARNING] /mnt/ramdisk/build-bench/metrics-4.1.22/metrics-core/src/test/java/com/codahale/metrics/SharedMetricRegistriesTest.java:[14,59] none() in org.junit.rules.ExpectedException has been deprecated
[INFO] 
[INFO] --- maven-surefire-plugin:2.22.2:test (default-test) @ metrics-core ---
[INFO] 
[INFO] -------------------------------------------------------
[INFO]  T E S T S
[INFO] -------------------------------------------------------
[INFO] Running com.codahale.metrics.FixedNameCsvFileProviderTest
[INFO] Tests run: 2, Failures: 0, Errors: 0, Skipped: 0, Time elapsed: 0.287 s - in com.codahale.metrics.FixedNameCsvFileProviderTest
[INFO] Running com.codahale.metrics.InstrumentedExecutorServiceTest
[INFO] Tests run: 2, Failures: 0, Errors: 0, Skipped: 0, Time elapsed: 0.048 s - in com.codahale.metrics.InstrumentedExecutorServiceTest
[INFO] Running com.codahale.metrics.SlidingWindowReservoirTest
[INFO] Tests run: 2, Failures: 0, Errors: 0, Skipped: 0, Time elapsed: 0.026 s - in com.codahale.metrics.SlidingWindowReservoirTest
[INFO] Running com.codahale.metrics.UniformSnapshotTest
[INFO] Tests run: 25, Failures: 0, Errors: 0, Skipped: 0, Time elapsed: 0.038 s - in com.codahale.metrics.UniformSnapshotTest
[INFO] Running com.codahale.metrics.MeterApproximationTest
[INFO] Tests run: 12, Failures: 0, Errors: 0, Skipped: 0, Time elapsed: 0.108 s - in com.codahale.metrics.MeterApproximationTest
[INFO] Running com.codahale.metrics.HistogramTest
[INFO] Tests run: 3, Failures: 0, Errors: 0, Skipped: 0, Time elapsed: 0.742 s - in com.codahale.metrics.HistogramTest
[INFO] Running com.codahale.metrics.EWMATest
[INFO] Tests run: 3, Failures: 0, Errors: 0, Skipped: 0, Time elapsed: 0 s - in com.codahale.metrics.EWMATest
[INFO] Running com.codahale.metrics.SlidingTimeWindowArrayReservoirTest
[INFO] Tests run: 4, Failures: 0, Errors: 0, Skipped: 0, Time elapsed: 0.871 s - in com.codahale.metrics.SlidingTimeWindowArrayReservoirTest
[INFO] Running com.codahale.metrics.ConsoleReporterTest
[INFO] Tests run: 8, Failures: 0, Errors: 0, Skipped: 0, Time elapsed: 0.366 s - in com.codahale.metrics.ConsoleReporterTest
[INFO] Running com.codahale.metrics.RatioGaugeTest
[INFO] Tests run: 5, Failures: 0, Errors: 0, Skipped: 0, Time elapsed: 0.002 s - in com.codahale.metrics.RatioGaugeTest
[INFO] Running com.codahale.metrics.CounterTest
[INFO] Tests run: 7, Failures: 0, Errors: 0, Skipped: 0, Time elapsed: 0.002 s - in com.codahale.metrics.CounterTest
[INFO] Running com.codahale.metrics.CachedGaugeTest
[INFO] Tests run: 4, Failures: 0, Errors: 0, Skipped: 0, Time elapsed: 10.165 s - in com.codahale.metrics.CachedGaugeTest
[INFO] Running com.codahale.metrics.MetricFilterTest
[INFO] Tests run: 4, Failures: 0, Errors: 0, Skipped: 0, Time elapsed: 0.023 s - in com.codahale.metrics.MetricFilterTest
[INFO] Running com.codahale.metrics.ChunkedAssociativeLongArrayTest
[INFO] Tests run: 1, Failures: 0, Errors: 0, Skipped: 0, Time elapsed: 0.003 s - in com.codahale.metrics.ChunkedAssociativeLongArrayTest
[INFO] Running com.codahale.metrics.SharedMetricRegistriesTest
[INFO] Tests run: 8, Failures: 0, Errors: 0, Skipped: 0, Time elapsed: 0.032 s - in com.codahale.metrics.SharedMetricRegistriesTest
[INFO] Running com.codahale.metrics.WeightedSnapshotTest
[INFO] Tests run: 27, Failures: 0, Errors: 0, Skipped: 0, Time elapsed: 0.143 s - in com.codahale.metrics.WeightedSnapshotTest
[INFO] Running com.codahale.metrics.SlidingTimeWindowReservoirTest
[INFO] Tests run: 3, Failures: 0, Errors: 0, Skipped: 0, Time elapsed: 1.446 s - in com.codahale.metrics.SlidingTimeWindowReservoirTest
[INFO] Running com.codahale.metrics.MetricRegistryTest
[INFO] Tests run: 46, Failures: 0, Errors: 0, Skipped: 0, Time elapsed: 0.094 s - in com.codahale.metrics.MetricRegistryTest
[INFO] Running com.codahale.metrics.CsvReporterTest
[INFO] Tests run: 7, Failures: 0, Errors: 0, Skipped: 0, Time elapsed: 0.038 s - in com.codahale.metrics.CsvReporterTest
[INFO] Running com.codahale.metrics.MetricRegistryListenerTest
[INFO] Tests run: 6, Failures: 0, Errors: 0, Skipped: 0, Time elapsed: 0.085 s - in com.codahale.metrics.MetricRegistryListenerTest
[INFO] Running com.codahale.metrics.Slf4jReporterTest
[INFO] Tests run: 16, Failures: 0, Errors: 0, Skipped: 0, Time elapsed: 0.106 s - in com.codahale.metrics.Slf4jReporterTest
[INFO] Running com.codahale.metrics.ExponentiallyDecayingReservoirTest
[INFO] Tests run: 12, Failures: 0, Errors: 0, Skipped: 0, Time elapsed: 0.181 s - in com.codahale.metrics.ExponentiallyDecayingReservoirTest
[INFO] Running com.codahale.metrics.ClockTest
[INFO] Tests run: 2, Failures: 0, Errors: 0, Skipped: 0, Time elapsed: 0.008 s - in com.codahale.metrics.ClockTest
[INFO] Running com.codahale.metrics.TimerTest
[INFO] Tests run: 11, Failures: 0, Errors: 0, Skipped: 0, Time elapsed: 0.013 s - in com.codahale.metrics.TimerTest
[INFO] Running com.codahale.metrics.InstrumentedScheduledExecutorServiceTest
[INFO] Tests run: 6, Failures: 0, Errors: 0, Skipped: 0, Time elapsed: 0.635 s - in com.codahale.metrics.InstrumentedScheduledExecutorServiceTest
[INFO] Running com.codahale.metrics.MeterTest
[INFO] Tests run: 2, Failures: 0, Errors: 0, Skipped: 0, Time elapsed: 0.004 s - in com.codahale.metrics.MeterTest
[INFO] Running com.codahale.metrics.UniformReservoirTest
[INFO] Tests run: 1, Failures: 0, Errors: 0, Skipped: 0, Time elapsed: 0.009 s - in com.codahale.metrics.UniformReservoirTest
[INFO] Running com.codahale.metrics.NoopMetricRegistryTest
[INFO] Tests run: 39, Failures: 0, Errors: 0, Skipped: 0, Time elapsed: 0.125 s - in com.codahale.metrics.NoopMetricRegistryTest
[INFO] Running com.codahale.metrics.DerivativeGaugeTest
[INFO] Tests run: 1, Failures: 0, Errors: 0, Skipped: 0, Time elapsed: 0.001 s - in com.codahale.metrics.DerivativeGaugeTest
[INFO] Running com.codahale.metrics.InstrumentedThreadFactoryTest
[INFO] Tests run: 1, Failures: 0, Errors: 0, Skipped: 0, Time elapsed: 0.021 s - in com.codahale.metrics.InstrumentedThreadFactoryTest
[INFO] Running com.codahale.metrics.ScheduledReporterTest
[INFO] Tests run: 15, Failures: 0, Errors: 0, Skipped: 0, Time elapsed: 1.172 s - in com.codahale.metrics.ScheduledReporterTest
[INFO] Running com.codahale.metrics.SlidingTimeWindowMovingAveragesTest
[INFO] Tests run: 9, Failures: 0, Errors: 0, Skipped: 0, Time elapsed: 0.106 s - in com.codahale.metrics.SlidingTimeWindowMovingAveragesTest
[INFO] 
[INFO] Results:
[INFO] 
[INFO] Tests run: 294, Failures: 0, Errors: 0, Skipped: 0
[INFO] 
[INFO] 
[INFO] --- maven-enforcer-plugin:1.4.1:enforce (enforce) @ metrics-core ---
[INFO] 
[INFO] --- jacoco-maven-plugin:0.8.7:prepare-agent (prepare-agent) @ metrics-core ---
[INFO] argLine set to -javaagent:/mnt/ramdisk/.m2/repository/org/jacoco/org.jacoco.agent/0.8.7/org.jacoco.agent-0.8.7-runtime.jar=destfile=/mnt/ramdisk/build-bench/metrics-4.1.22/metrics-core/target/jacoco.exec
[INFO] 
[INFO] --- maven-resources-plugin:3.2.0:resources (default-resources) @ metrics-core ---
[INFO] Using 'UTF-8' encoding to copy filtered resources.
[INFO] Using 'UTF-8' encoding to copy filtered properties files.
[INFO] skip non existing resourceDirectory /mnt/ramdisk/build-bench/metrics-4.1.22/metrics-core/src/main/resources
[INFO] 
[INFO] --- maven-compiler-plugin:3.8.1:compile (default-compile) @ metrics-core ---
[INFO] Changes detected - recompiling the module!
[INFO] Compiling 44 source files to /mnt/ramdisk/build-bench/metrics-4.1.22/metrics-core/target/classes
[WARNING] bootstrap class path not set in conjunction with -source 8
[WARNING] /mnt/ramdisk/build-bench/metrics-4.1.22/metrics-core/src/main/java/com/codahale/metrics/MovingAverages.java:[24,8] [EmptyBlockTag] A block tag (@param, @return, @throws, @deprecated) has an empty description. Block tags without descriptions don't add much value for future readers of the code; consider removing the tag entirely or adding a description.
    (see https://google.github.io/styleguide/javaguide.html#s7.1.3-javadoc-block-tags)
  Did you mean '*'?
[WARNING] /mnt/ramdisk/build-bench/metrics-4.1.22/metrics-core/src/main/java/com/codahale/metrics/ScheduledReporter.java:[50,30] [ThreadPriorityCheck] Relying on the thread scheduler is discouraged.
    (see https://errorprone.info/bugpattern/ThreadPriorityCheck)
[WARNING] /mnt/ramdisk/build-bench/metrics-4.1.22/metrics-core/src/main/java/com/codahale/metrics/Slf4jReporter.java:[177,34] [InvalidInlineTag] Curly braces should be used for inline Javadoc tags: {@link ...}
    (see https://errorprone.info/bugpattern/InvalidInlineTag)
  Did you mean '* @param loggingLevel a {@link Slf4jReporter.LoggingLevel}'?
[WARNING] /mnt/ramdisk/build-bench/metrics-4.1.22/metrics-core/src/main/java/com/codahale/metrics/WeightedSnapshot.java:[81,21] [UnnecessaryParentheses] These grouping parentheses are unnecessary; it is unlikely the code will be misinterpreted without them
    (see https://errorprone.info/bugpattern/UnnecessaryParentheses)
  Did you mean 'posx = (-posx - 1) - 1;'?
[WARNING] /mnt/ramdisk/build-bench/metrics-4.1.22/metrics-core/src/main/java/com/codahale/metrics/InstrumentedExecutorService.java:[179,32] auto-closeable resource durationContext is never referenced in body of corresponding try statement
[WARNING] /mnt/ramdisk/build-bench/metrics-4.1.22/metrics-core/src/main/java/com/codahale/metrics/InstrumentedExecutorService.java:[201,32] auto-closeable resource context is never referenced in body of corresponding try statement
[WARNING] /mnt/ramdisk/build-bench/metrics-4.1.22/metrics-core/src/main/java/com/codahale/metrics/ConsoleReporter.java:[231,51] [JavaUtilDate] Date has a bad API that leads to bugs; prefer java.time.Instant or LocalDate.
    (see https://errorprone.info/bugpattern/JavaUtilDate)
[INFO] 
[INFO] --- maven-resources-plugin:3.2.0:testResources (default-testResources) @ metrics-core ---
[INFO] Using 'UTF-8' encoding to copy filtered resources.
[INFO] Using 'UTF-8' encoding to copy filtered properties files.
[INFO] skip non existing resourceDirectory /mnt/ramdisk/build-bench/metrics-4.1.22/metrics-core/src/test/resources
[INFO] 
[INFO] --- maven-compiler-plugin:3.8.1:testCompile (default-testCompile) @ metrics-core ---
[INFO] Changes detected - recompiling the module!
[INFO] Compiling 33 source files to /mnt/ramdisk/build-bench/metrics-4.1.22/metrics-core/target/test-classes
[WARNING] bootstrap class path not set in conjunction with -source 8
[WARNING] /mnt/ramdisk/build-bench/metrics-4.1.22/metrics-core/src/test/java/com/codahale/metrics/TimerTest.java:[124,9] verifyZeroInteractions(java.lang.Object...) in org.mockito.Mockito has been deprecated
[WARNING] /mnt/ramdisk/build-bench/metrics-4.1.22/metrics-core/src/test/java/com/codahale/metrics/TimerTest.java:[142,9] verifyZeroInteractions(java.lang.Object...) in org.mockito.Mockito has been deprecated
[WARNING] /mnt/ramdisk/build-bench/metrics-4.1.22/metrics-core/src/test/java/com/codahale/metrics/MetricRegistryListenerTest.java:[28,9] verifyZeroInteractions(java.lang.Object...) in org.mockito.Mockito has been deprecated
[WARNING] /mnt/ramdisk/build-bench/metrics-4.1.22/metrics-core/src/test/java/com/codahale/metrics/MetricRegistryListenerTest.java:[35,9] verifyZeroInteractions(java.lang.Object...) in org.mockito.Mockito has been deprecated
[WARNING] /mnt/ramdisk/build-bench/metrics-4.1.22/metrics-core/src/test/java/com/codahale/metrics/MetricRegistryListenerTest.java:[42,9] verifyZeroInteractions(java.lang.Object...) in org.mockito.Mockito has been deprecated
[WARNING] /mnt/ramdisk/build-bench/metrics-4.1.22/metrics-core/src/test/java/com/codahale/metrics/MetricRegistryListenerTest.java:[49,9] verifyZeroInteractions(java.lang.Object...) in org.mockito.Mockito has been deprecated
[WARNING] /mnt/ramdisk/build-bench/metrics-4.1.22/metrics-core/src/test/java/com/codahale/metrics/SharedMetricRegistriesTest.java:[14,59] none() in org.junit.rules.ExpectedException has been deprecated
[INFO] 
[INFO] --- maven-surefire-plugin:2.22.2:test (default-test) @ metrics-core ---
[INFO] Skipping execution of surefire because it has already been run for this configuration
[INFO] 
[INFO] --- maven-bundle-plugin:5.1.2:bundle (default-bundle) @ metrics-core ---
[WARNING] Bundle io.dropwizard.metrics:metrics-core:bundle:4.1.22 : Unused Import-Package instructions: [javax.servlet*, sun.misc.*, com.sun.management.*] 
[INFO] 
[INFO] ---------------< io.dropwizard.metrics:metrics-graphite >---------------
[INFO] 
[INFO] 
[INFO] ---------------< io.dropwizard.metrics:metrics-ehcache >----------------
[INFO] Building Metrics Integration for Ehcache 4.1.22                   [7/27]
[INFO] -------------------------------[ bundle ]-------------------------------
[INFO] 
[INFO] --------------< io.dropwizard.metrics:metrics-httpclient >--------------
[INFO] Building Metrics Integration for Apache HttpClient 4.1.22         [8/27]
[INFO] -----------------< io.dropwizard.metrics:metrics-jvm >------------------
[INFO] Building JVM Integration for Metrics 4.1.22                       [9/27]
[INFO] -------------------------------[ bundle ]-------------------------------
[INFO] 
[INFO] ---------------< io.dropwizard.metrics:metrics-caffeine >---------------
[INFO] Building Metrics Integration for Caffeine 4.1.22                 [10/27]
[INFO] -------------------------------[ bundle ]-------------------------------
[INFO] Building Graphite Integration for Metrics 4.1.22                  [6/27]
[INFO] -------------------------------[ bundle ]-------------------------------
[INFO] 
[INFO] ---------------< io.dropwizard.metrics:metrics-collectd >---------------
[INFO] Building Metrics Integration for Collectd 4.1.22                 [11/27]
[INFO] -------------------------------[ bundle ]-------------------------------
[INFO] 
[INFO] -------------------------------[ bundle ]-------------------------------
[INFO] 
[INFO] -------------< io.dropwizard.metrics:metrics-httpclient5 >--------------
[INFO] Building Metrics Integration for Apache HttpClient 5.x 4.1.22    [12/27]
[INFO] -------------------------------[ bundle ]-------------------------------
[INFO] --------------< io.dropwizard.metrics:metrics-benchmarks >--------------
[INFO] Building Benchmarks for Metrics 4.1.22                           [13/27]
[INFO] --------------------------------[ jar ]---------------------------------
[INFO] 
[INFO] --- maven-clean-plugin:2.5:clean (default-clean) @ metrics-jvm ---
[INFO] 
[INFO] --- maven-clean-plugin:2.5:clean (default-clean) @ metrics-graphite ---
[INFO] 
[INFO] 
[INFO] --- maven-clean-plugin:2.5:clean (default-clean) @ metrics-collectd ---
[INFO] --- maven-clean-plugin:2.5:clean (default-clean) @ metrics-ehcache ---
[INFO] Deleting /mnt/ramdisk/build-bench/metrics-4.1.22/metrics-jvm/target
[INFO] Deleting /mnt/ramdisk/build-bench/metrics-4.1.22/metrics-ehcache/target
[INFO] 
[INFO] --- maven-enforcer-plugin:1.4.1:enforce (enforce) @ metrics-jvm ---
[INFO] 
[INFO] --- maven-enforcer-plugin:1.4.1:enforce (enforce) @ metrics-ehcache ---
[INFO] 
[INFO] --- jacoco-maven-plugin:0.8.7:prepare-agent (prepare-agent) @ metrics-jvm ---
[INFO] Deleting /mnt/ramdisk/build-bench/metrics-4.1.22/metrics-graphite/target
[INFO] 
[INFO] --- maven-enforcer-plugin:1.4.1:enforce (enforce) @ metrics-graphite ---
[INFO] 
[INFO] --- jacoco-maven-plugin:0.8.7:prepare-agent (prepare-agent) @ metrics-ehcache ---
[INFO] Deleting /mnt/ramdisk/build-bench/metrics-4.1.22/metrics-collectd/target
[INFO] 
[INFO] --- maven-enforcer-plugin:1.4.1:enforce (enforce) @ metrics-collectd ---
[INFO] 
[INFO] --- maven-clean-plugin:2.5:clean (default-clean) @ metrics-httpclient ---
[INFO] Deleting /mnt/ramdisk/build-bench/metrics-4.1.22/metrics-httpclient/target
[INFO] 
[INFO] --- jacoco-maven-plugin:0.8.7:prepare-agent (prepare-agent) @ metrics-collectd ---
[INFO] 
[INFO] --- maven-enforcer-plugin:1.4.1:enforce (enforce) @ metrics-httpclient ---
[INFO] 
[INFO] --- jacoco-maven-plugin:0.8.7:prepare-agent (prepare-agent) @ metrics-graphite ---
[INFO] 
[INFO] --- maven-clean-plugin:2.5:clean (default-clean) @ metrics-caffeine ---
[INFO] Deleting /mnt/ramdisk/build-bench/metrics-4.1.22/metrics-caffeine/target
[INFO] 
[INFO] --- maven-enforcer-plugin:1.4.1:enforce (enforce) @ metrics-caffeine ---
[INFO] argLine set to -javaagent:/mnt/ramdisk/.m2/repository/org/jacoco/org.jacoco.agent/0.8.7/org.jacoco.agent-0.8.7-runtime.jar=destfile=/mnt/ramdisk/build-bench/metrics-4.1.22/metrics-ehcache/target/jacoco.exec
[INFO] argLine set to -javaagent:/mnt/ramdisk/.m2/repository/org/jacoco/org.jacoco.agent/0.8.7/org.jacoco.agent-0.8.7-runtime.jar=destfile=/mnt/ramdisk/build-bench/metrics-4.1.22/metrics-jvm/target/jacoco.exec
[INFO] 
[INFO] --- maven-resources-plugin:3.2.0:resources (default-resources) @ metrics-jvm ---
[INFO] 
[INFO] argLine set to -javaagent:/mnt/ramdisk/.m2/repository/org/jacoco/org.jacoco.agent/0.8.7/org.jacoco.agent-0.8.7-runtime.jar=destfile=/mnt/ramdisk/build-bench/metrics-4.1.22/metrics-graphite/target/jacoco.exec
[INFO] --- maven-clean-plugin:2.5:clean (default-clean) @ metrics-httpclient5 ---
[INFO] argLine set to -javaagent:/mnt/ramdisk/.m2/repository/org/jacoco/org.jacoco.agent/0.8.7/org.jacoco.agent-0.8.7-runtime.jar=destfile=/mnt/ramdisk/build-bench/metrics-4.1.22/metrics-collectd/target/jacoco.exec
[INFO] 
[INFO] --- maven-resources-plugin:3.2.0:resources (default-resources) @ metrics-collectd ---
[INFO] 
[INFO] --- maven-clean-plugin:2.5:clean (default-clean) @ metrics-benchmarks ---
[INFO] Deleting /mnt/ramdisk/build-bench/metrics-4.1.22/metrics-httpclient5/target
[INFO] Deleting /mnt/ramdisk/build-bench/metrics-4.1.22/metrics-benchmarks/target
[INFO] 
[INFO] --- maven-resources-plugin:3.2.0:resources (default-resources) @ metrics-ehcache ---
[INFO] Using 'UTF-8' encoding to copy filtered resources.
[INFO] Using 'UTF-8' encoding to copy filtered properties files.
[INFO] skip non existing resourceDirectory /mnt/ramdisk/build-bench/metrics-4.1.22/metrics-jvm/src/main/resources
[INFO] 
[INFO] --- maven-compiler-plugin:3.8.1:compile (default-compile) @ metrics-jvm ---
[INFO] 
[INFO] --- maven-enforcer-plugin:1.4.1:enforce (enforce) @ metrics-httpclient5 ---
[INFO] 
[INFO] --- maven-enforcer-plugin:1.4.1:enforce (enforce) @ metrics-benchmarks ---
[INFO] 
[INFO] --- maven-resources-plugin:3.2.0:resources (default-resources) @ metrics-graphite ---
[INFO] Using 'UTF-8' encoding to copy filtered resources.
[INFO] Using 'UTF-8' encoding to copy filtered properties files.
[INFO] skip non existing resourceDirectory /mnt/ramdisk/build-bench/metrics-4.1.22/metrics-ehcache/src/main/resources
[INFO] 
[INFO] --- maven-compiler-plugin:3.8.1:compile (default-compile) @ metrics-ehcache ---
[INFO] Using 'UTF-8' encoding to copy filtered resources.
[INFO] Using 'UTF-8' encoding to copy filtered properties files.
[INFO] skip non existing resourceDirectory /mnt/ramdisk/build-bench/metrics-4.1.22/metrics-graphite/src/main/resources
[INFO] 
[INFO] --- maven-compiler-plugin:3.8.1:compile (default-compile) @ metrics-graphite ---
[INFO] Changes detected - recompiling the module!
[INFO] Compiling 12 source files to /mnt/ramdisk/build-bench/metrics-4.1.22/metrics-jvm/target/classes
[INFO] Using 'UTF-8' encoding to copy filtered resources.
[INFO] Using 'UTF-8' encoding to copy filtered properties files.
[INFO] skip non existing resourceDirectory /mnt/ramdisk/build-bench/metrics-4.1.22/metrics-collectd/src/main/resources
[INFO] 
[INFO] --- maven-compiler-plugin:3.8.1:compile (default-compile) @ metrics-collectd ---
[INFO] Changes detected - recompiling the module!
[INFO] Compiling 2 source files to /mnt/ramdisk/build-bench/metrics-4.1.22/metrics-ehcache/target/classes
[INFO] Changes detected - recompiling the module!
[INFO] Compiling 7 source files to /mnt/ramdisk/build-bench/metrics-4.1.22/metrics-graphite/target/classes
[INFO] 
[INFO] --- jacoco-maven-plugin:0.8.7:prepare-agent (prepare-agent) @ metrics-caffeine ---
[INFO] Changes detected - recompiling the module!
[INFO] Compiling 7 source files to /mnt/ramdisk/build-bench/metrics-4.1.22/metrics-collectd/target/classes
[INFO] argLine set to -javaagent:/mnt/ramdisk/.m2/repository/org/jacoco/org.jacoco.agent/0.8.7/org.jacoco.agent-0.8.7-runtime.jar=destfile=/mnt/ramdisk/build-bench/metrics-4.1.22/metrics-caffeine/target/jacoco.exec
[INFO] 
[INFO] --- maven-resources-plugin:3.2.0:resources (default-resources) @ metrics-caffeine ---
[INFO] Using 'UTF-8' encoding to copy filtered resources.
[INFO] Using 'UTF-8' encoding to copy filtered properties files.
[INFO] skip non existing resourceDirectory /mnt/ramdisk/build-bench/metrics-4.1.22/metrics-caffeine/src/main/resources
[INFO] 
[INFO] --- maven-compiler-plugin:3.8.1:compile (default-compile) @ metrics-caffeine ---
[INFO] Changes detected - recompiling the module!
[INFO] Compiling 1 source file to /mnt/ramdisk/build-bench/metrics-4.1.22/metrics-caffeine/target/classes
[INFO] 
[INFO] --- jacoco-maven-plugin:0.8.7:prepare-agent (prepare-agent) @ metrics-httpclient ---
[INFO] argLine set to -javaagent:/mnt/ramdisk/.m2/repository/org/jacoco/org.jacoco.agent/0.8.7/org.jacoco.agent-0.8.7-runtime.jar=destfile=/mnt/ramdisk/build-bench/metrics-4.1.22/metrics-httpclient/target/jacoco.exec
[INFO] 
[INFO] --- maven-resources-plugin:3.2.0:resources (default-resources) @ metrics-httpclient ---
[INFO] Using 'UTF-8' encoding to copy filtered resources.
[INFO] Using 'UTF-8' encoding to copy filtered properties files.
[INFO] skip non existing resourceDirectory /mnt/ramdisk/build-bench/metrics-4.1.22/metrics-httpclient/src/main/resources
[INFO] 
[INFO] --- maven-compiler-plugin:3.8.1:compile (default-compile) @ metrics-httpclient ---
[INFO] Changes detected - recompiling the module!
[INFO] Compiling 5 source files to /mnt/ramdisk/build-bench/metrics-4.1.22/metrics-httpclient/target/classes
[INFO] 
[INFO] --- jacoco-maven-plugin:0.8.7:prepare-agent (prepare-agent) @ metrics-benchmarks ---
[INFO] argLine set to -javaagent:/mnt/ramdisk/.m2/repository/org/jacoco/org.jacoco.agent/0.8.7/org.jacoco.agent-0.8.7-runtime.jar=destfile=/mnt/ramdisk/build-bench/metrics-4.1.22/metrics-benchmarks/target/jacoco.exec
[INFO] 
[INFO] --- maven-resources-plugin:2.6:resources (default-resources) @ metrics-benchmarks ---
[INFO] 
[INFO] --- jacoco-maven-plugin:0.8.7:prepare-agent (prepare-agent) @ metrics-httpclient5 ---
[INFO] argLine set to -javaagent:/mnt/ramdisk/.m2/repository/org/jacoco/org.jacoco.agent/0.8.7/org.jacoco.agent-0.8.7-runtime.jar=destfile=/mnt/ramdisk/build-bench/metrics-4.1.22/metrics-httpclient5/target/jacoco.exec
[INFO] 
[INFO] --- maven-resources-plugin:3.2.0:resources (default-resources) @ metrics-httpclient5 ---
[INFO] Using 'UTF-8' encoding to copy filtered resources.
[INFO] Using 'UTF-8' encoding to copy filtered properties files.
[INFO] skip non existing resourceDirectory /mnt/ramdisk/build-bench/metrics-4.1.22/metrics-httpclient5/src/main/resources
[INFO] 
[INFO] --- maven-compiler-plugin:3.8.1:compile (default-compile) @ metrics-httpclient5 ---
[INFO] Changes detected - recompiling the module!
[INFO] Compiling 8 source files to /mnt/ramdisk/build-bench/metrics-4.1.22/metrics-httpclient5/target/classes
[INFO] Using 'UTF-8' encoding to copy filtered resources.
[INFO] skip non existing resourceDirectory /mnt/ramdisk/build-bench/metrics-4.1.22/metrics-benchmarks/src/main/resources
[INFO] 
[INFO] --- maven-compiler-plugin:3.8.1:compile (default-compile) @ metrics-benchmarks ---
[INFO] Changes detected - recompiling the module!
[INFO] Compiling 5 source files to /mnt/ramdisk/build-bench/metrics-4.1.22/metrics-benchmarks/target/classes
[WARNING] bootstrap class path not set in conjunction with -source 8
[INFO] 
[INFO] --- maven-resources-plugin:3.2.0:testResources (default-testResources) @ metrics-caffeine ---
[INFO] Using 'UTF-8' encoding to copy filtered resources.
[INFO] Using 'UTF-8' encoding to copy filtered properties files.
[INFO] skip non existing resourceDirectory /mnt/ramdisk/build-bench/metrics-4.1.22/metrics-caffeine/src/test/resources
[INFO] 
[INFO] --- maven-compiler-plugin:3.8.1:testCompile (default-testCompile) @ metrics-caffeine ---
[INFO] Changes detected - recompiling the module!
[INFO] Compiling 1 source file to /mnt/ramdisk/build-bench/metrics-4.1.22/metrics-caffeine/target/test-classes
[WARNING] bootstrap class path not set in conjunction with -source 8
[INFO] 
[INFO] --- maven-resources-plugin:3.2.0:testResources (default-testResources) @ metrics-ehcache ---
[INFO] Using 'UTF-8' encoding to copy filtered resources.
[INFO] Using 'UTF-8' encoding to copy filtered properties files.
[INFO] Copying 1 resource
[INFO] 
[INFO] --- maven-compiler-plugin:3.8.1:testCompile (default-testCompile) @ metrics-ehcache ---
[INFO] Changes detected - recompiling the module!
[INFO] Compiling 2 source files to /mnt/ramdisk/build-bench/metrics-4.1.22/metrics-ehcache/target/test-classes
[WARNING] bootstrap class path not set in conjunction with -source 8
[INFO] 
[INFO] --- maven-resources-plugin:3.2.0:testResources (default-testResources) @ metrics-httpclient ---
[INFO] Using 'UTF-8' encoding to copy filtered resources.
[INFO] Using 'UTF-8' encoding to copy filtered properties files.
[INFO] skip non existing resourceDirectory /mnt/ramdisk/build-bench/metrics-4.1.22/metrics-httpclient/src/test/resources
[INFO] 
[INFO] --- maven-compiler-plugin:3.8.1:testCompile (default-testCompile) @ metrics-httpclient ---
[INFO] Changes detected - recompiling the module!
[INFO] Compiling 3 source files to /mnt/ramdisk/build-bench/metrics-4.1.22/metrics-httpclient/target/test-classes
[WARNING] bootstrap class path not set in conjunction with -source 8
[WARNING] /mnt/ramdisk/build-bench/metrics-4.1.22/metrics-benchmarks/src/main/java/com/codahale/metrics/benchmarks/SlidingTimeWindowReservoirsBenchmark.java:[23,4] [MissingSummary] A summary line is required on public/protected Javadocs.
    (see https://google.github.io/styleguide/javaguide.html#s7.2-summary-fragment)
[INFO] 
[INFO] --- maven-resources-plugin:2.6:testResources (default-testResources) @ metrics-benchmarks ---
[INFO] Using 'UTF-8' encoding to copy filtered resources.
[INFO] skip non existing resourceDirectory /mnt/ramdisk/build-bench/metrics-4.1.22/metrics-benchmarks/src/test/resources
[INFO] 
[INFO] --- maven-compiler-plugin:3.8.1:testCompile (default-testCompile) @ metrics-benchmarks ---
[INFO] No sources to compile
[INFO] 
[INFO] --- maven-surefire-plugin:2.22.2:test (default-test) @ metrics-benchmarks ---
[INFO] No tests to run.
[INFO] 
[INFO] --- maven-enforcer-plugin:1.4.1:enforce (enforce) @ metrics-benchmarks ---
[INFO] 
[INFO] --- jacoco-maven-plugin:0.8.7:prepare-agent (prepare-agent) @ metrics-benchmarks ---
[INFO] argLine set to -javaagent:/mnt/ramdisk/.m2/repository/org/jacoco/org.jacoco.agent/0.8.7/org.jacoco.agent-0.8.7-runtime.jar=destfile=/mnt/ramdisk/build-bench/metrics-4.1.22/metrics-benchmarks/target/jacoco.exec
[INFO] 
[INFO] --- maven-resources-plugin:2.6:resources (default-resources) @ metrics-benchmarks ---
[INFO] Using 'UTF-8' encoding to copy filtered resources.
[INFO] skip non existing resourceDirectory /mnt/ramdisk/build-bench/metrics-4.1.22/metrics-benchmarks/src/main/resources
[INFO] 
[INFO] --- maven-compiler-plugin:3.8.1:compile (default-compile) @ metrics-benchmarks ---
[INFO] Changes detected - recompiling the module!
[INFO] Compiling 5 source files to /mnt/ramdisk/build-bench/metrics-4.1.22/metrics-benchmarks/target/classes
[WARNING] bootstrap class path not set in conjunction with -source 8
[INFO] 
[INFO] --- maven-resources-plugin:3.2.0:testResources (default-testResources) @ metrics-jvm ---
[INFO] Using 'UTF-8' encoding to copy filtered resources.
[INFO] Using 'UTF-8' encoding to copy filtered properties files.
[INFO] skip non existing resourceDirectory /mnt/ramdisk/build-bench/metrics-4.1.22/metrics-jvm/src/test/resources
[INFO] 
[INFO] --- maven-compiler-plugin:3.8.1:testCompile (default-testCompile) @ metrics-jvm ---
[INFO] Changes detected - recompiling the module!
[INFO] Compiling 11 source files to /mnt/ramdisk/build-bench/metrics-4.1.22/metrics-jvm/target/test-classes
[WARNING] bootstrap class path not set in conjunction with -source 8
[INFO] 
[INFO] --- maven-resources-plugin:3.2.0:testResources (default-testResources) @ metrics-httpclient5 ---
[INFO] Using 'UTF-8' encoding to copy filtered resources.
[INFO] Using 'UTF-8' encoding to copy filtered properties files.
[INFO] skip non existing resourceDirectory /mnt/ramdisk/build-bench/metrics-4.1.22/metrics-httpclient5/src/test/resources
[INFO] 
[INFO] --- maven-compiler-plugin:3.8.1:testCompile (default-testCompile) @ metrics-httpclient5 ---
[INFO] Changes detected - recompiling the module!
[INFO] Compiling 5 source files to /mnt/ramdisk/build-bench/metrics-4.1.22/metrics-httpclient5/target/test-classes
[WARNING] bootstrap class path not set in conjunction with -source 8
[WARNING] /mnt/ramdisk/build-bench/metrics-4.1.22/metrics-collectd/src/main/java/com/codahale/metrics/collectd/PacketWriter.java:[157,49] redundant cast to java.nio.ByteBuffer
[WARNING] /mnt/ramdisk/build-bench/metrics-4.1.22/metrics-collectd/src/main/java/com/codahale/metrics/collectd/PacketWriter.java:[166,22] redundant cast to java.nio.ByteBuffer
[WARNING] /mnt/ramdisk/build-bench/metrics-4.1.22/metrics-collectd/src/main/java/com/codahale/metrics/collectd/PacketWriter.java:[161,16] redundant cast to java.nio.ByteBuffer
[WARNING] /mnt/ramdisk/build-bench/metrics-4.1.22/metrics-collectd/src/main/java/com/codahale/metrics/collectd/PacketWriter.java:[191,22] redundant cast to java.nio.ByteBuffer
[WARNING] /mnt/ramdisk/build-bench/metrics-4.1.22/metrics-collectd/src/main/java/com/codahale/metrics/collectd/PacketWriter.java:[189,36] redundant cast to java.nio.ByteBuffer
[WARNING] /mnt/ramdisk/build-bench/metrics-4.1.22/metrics-collectd/src/main/java/com/codahale/metrics/collectd/PacketWriter.java:[194,16] redundant cast to java.nio.ByteBuffer
[WARNING] /mnt/ramdisk/build-bench/metrics-4.1.22/metrics-collectd/src/main/java/com/codahale/metrics/collectd/PacketWriter.java:[239,41] redundant cast to java.nio.ByteBuffer
[WARNING] /mnt/ramdisk/build-bench/metrics-4.1.22/metrics-collectd/src/main/java/com/codahale/metrics/collectd/CollectdReporter.java:[182,37] [InconsistentCapitalization] Found the field 'hostName' with the same name as the parameter 'hostname' but with different capitalization.
    (see https://errorprone.info/bugpattern/InconsistentCapitalization)
  Did you mean 'String hostName, Sender sender,'?
[INFO] 
[INFO] --- maven-resources-plugin:3.2.0:testResources (default-testResources) @ metrics-collectd ---
[INFO] Using 'UTF-8' encoding to copy filtered resources.
[INFO] Using 'UTF-8' encoding to copy filtered properties files.
[INFO] skip non existing resourceDirectory /mnt/ramdisk/build-bench/metrics-4.1.22/metrics-collectd/src/test/resources
[INFO] 
[INFO] --- maven-compiler-plugin:3.8.1:testCompile (default-testCompile) @ metrics-collectd ---
[INFO] Changes detected - recompiling the module!
[INFO] Compiling 5 source files to /mnt/ramdisk/build-bench/metrics-4.1.22/metrics-collectd/target/test-classes
[WARNING] bootstrap class path not set in conjunction with -source 8
[WARNING] /mnt/ramdisk/build-bench/metrics-4.1.22/metrics-graphite/src/main/java/com/codahale/metrics/graphite/GraphiteReporter.java:[252,49] [UnnecessaryLambda] Returning a lambda from a helper method or saving it in a constant is unnecessary; prefer to implement the functional interface method directly and use a method reference instead.
    (see https://errorprone.info/bugpattern/UnnecessaryLambda)
  Did you mean 'this.floatingPointFormatter = GraphiteReporter::defaultFpFormatter;'?
[WARNING] /mnt/ramdisk/build-bench/metrics-4.1.22/metrics-graphite/src/main/java/com/codahale/metrics/graphite/Graphite.java:[130,62] [OperatorPrecedence] Use grouping parenthesis to make the operator precedence explicit
    (see https://errorprone.info/bugpattern/OperatorPrecedence)
  Did you mean 'if (address == null || (address.getHostName() == null && hostname != null)) {'?
[INFO] 
[INFO] --- maven-resources-plugin:3.2.0:testResources (default-testResources) @ metrics-graphite ---
[INFO] Using 'UTF-8' encoding to copy filtered resources.
[INFO] Using 'UTF-8' encoding to copy filtered properties files.
[INFO] Copying 1 resource
[INFO] 
[INFO] --- maven-compiler-plugin:3.8.1:testCompile (default-testCompile) @ metrics-graphite ---
[INFO] Changes detected - recompiling the module!
[INFO] Compiling 5 source files to /mnt/ramdisk/build-bench/metrics-4.1.22/metrics-graphite/target/test-classes
[WARNING] bootstrap class path not set in conjunction with -source 8
[INFO] 
[INFO] --- maven-surefire-plugin:2.22.2:test (default-test) @ metrics-ehcache ---
[INFO] 
[INFO] -------------------------------------------------------
[INFO]  T E S T S
[INFO] -------------------------------------------------------
[WARNING] bootstrap class path not set in conjunction with -source 8
[WARNING] /mnt/ramdisk/build-bench/metrics-4.1.22/metrics-caffeine/src/test/java/com/codahale/metrics/caffeine/MetricsStatsCounterTest.java:[88,10] recordEviction() in com.codahale.metrics.caffeine.MetricsStatsCounter has been deprecated
[WARNING] /mnt/ramdisk/build-bench/metrics-4.1.22/metrics-caffeine/src/test/java/com/codahale/metrics/caffeine/MetricsStatsCounterTest.java:[95,10] recordEviction(int) in com.codahale.metrics.caffeine.MetricsStatsCounter has been deprecated
[INFO] 
[INFO] --- maven-surefire-plugin:2.22.2:test (default-test) @ metrics-caffeine ---
[INFO] 
[INFO] -------------------------------------------------------
[INFO]  T E S T S
[INFO] -------------------------------------------------------
[WARNING] bootstrap class path not set in conjunction with -source 8
[WARNING] /mnt/ramdisk/build-bench/metrics-4.1.22/metrics-benchmarks/src/main/java/com/codahale/metrics/benchmarks/SlidingTimeWindowReservoirsBenchmark.java:[23,4] [MissingSummary] A summary line is required on public/protected Javadocs.
    (see https://google.github.io/styleguide/javaguide.html#s7.2-summary-fragment)
[INFO] 
[INFO] --- maven-resources-plugin:2.6:testResources (default-testResources) @ metrics-benchmarks ---
[INFO] Using 'UTF-8' encoding to copy filtered resources.
[INFO] skip non existing resourceDirectory /mnt/ramdisk/build-bench/metrics-4.1.22/metrics-benchmarks/src/test/resources
[INFO] 
[INFO] --- maven-compiler-plugin:3.8.1:testCompile (default-testCompile) @ metrics-benchmarks ---
[INFO] No sources to compile
[INFO] 
[INFO] --- maven-surefire-plugin:2.22.2:test (default-test) @ metrics-benchmarks ---
[INFO] No tests to run.
[INFO] Skipping execution of surefire because it has already been run for this configuration
[INFO] 
[INFO] --- maven-jar-plugin:3.2.0:jar (default-jar) @ metrics-benchmarks ---
[INFO] Building jar: /mnt/ramdisk/build-bench/metrics-4.1.22/metrics-benchmarks/target/metrics-benchmarks-4.1.22.jar
[INFO] 
[INFO] --- maven-shade-plugin:3.2.4:shade (default) @ metrics-benchmarks ---
[INFO] Including io.dropwizard.metrics:metrics-core:jar:4.1.22 in the shaded jar.
[INFO] Including org.openjdk.jmh:jmh-core:jar:1.31 in the shaded jar.
[INFO] Including net.sf.jopt-simple:jopt-simple:jar:4.6 in the shaded jar.
[INFO] Including org.apache.commons:commons-math3:jar:3.2 in the shaded jar.
[INFO] Including org.slf4j:slf4j-api:jar:1.7.30 in the shaded jar.
[WARNING] bootstrap class path not set in conjunction with -source 8
[WARNING] /mnt/ramdisk/build-bench/metrics-4.1.22/metrics-httpclient/src/test/java/com/codahale/metrics/httpclient/HttpClientMetricNameStrategiesTest.java:[25,9] <T>assertThat(T,org.hamcrest.Matcher<? super T>) in org.junit.Assert has been deprecated
[WARNING] /mnt/ramdisk/build-bench/metrics-4.1.22/metrics-httpclient/src/test/java/com/codahale/metrics/httpclient/HttpClientMetricNameStrategiesTest.java:[31,9] <T>assertThat(T,org.hamcrest.Matcher<? super T>) in org.junit.Assert has been deprecated
[WARNING] /mnt/ramdisk/build-bench/metrics-4.1.22/metrics-httpclient/src/test/java/com/codahale/metrics/httpclient/HttpClientMetricNameStrategiesTest.java:[37,9] <T>assertThat(T,org.hamcrest.Matcher<? super T>) in org.junit.Assert has been deprecated
[WARNING] /mnt/ramdisk/build-bench/metrics-4.1.22/metrics-httpclient/src/test/java/com/codahale/metrics/httpclient/HttpClientMetricNameStrategiesTest.java:[43,9] <T>assertThat(T,org.hamcrest.Matcher<? super T>) in org.junit.Assert has been deprecated
[WARNING] /mnt/ramdisk/build-bench/metrics-4.1.22/metrics-httpclient/src/test/java/com/codahale/metrics/httpclient/HttpClientMetricNameStrategiesTest.java:[51,9] <T>assertThat(T,org.hamcrest.Matcher<? super T>) in org.junit.Assert has been deprecated
[WARNING] /mnt/ramdisk/build-bench/metrics-4.1.22/metrics-httpclient/src/test/java/com/codahale/metrics/httpclient/HttpClientMetricNameStrategiesTest.java:[59,9] <T>assertThat(T,org.hamcrest.Matcher<? super T>) in org.junit.Assert has been deprecated
[WARNING] /mnt/ramdisk/build-bench/metrics-4.1.22/metrics-httpclient/src/test/java/com/codahale/metrics/httpclient/HttpClientMetricNameStrategiesTest.java:[65,9] <T>assertThat(T,org.hamcrest.Matcher<? super T>) in org.junit.Assert has been deprecated
[WARNING] /mnt/ramdisk/build-bench/metrics-4.1.22/metrics-httpclient/src/test/java/com/codahale/metrics/httpclient/HttpClientMetricNameStrategiesTest.java:[71,9] <T>assertThat(T,org.hamcrest.Matcher<? super T>) in org.junit.Assert has been deprecated
[WARNING] /mnt/ramdisk/build-bench/metrics-4.1.22/metrics-httpclient/src/test/java/com/codahale/metrics/httpclient/HttpClientMetricNameStrategiesTest.java:[78,9] <T>assertThat(T,org.hamcrest.Matcher<? super T>) in org.junit.Assert has been deprecated
[WARNING] /mnt/ramdisk/build-bench/metrics-4.1.22/metrics-httpclient/src/test/java/com/codahale/metrics/httpclient/HttpClientMetricNameStrategiesTest.java:[85,9] <T>assertThat(T,org.hamcrest.Matcher<? super T>) in org.junit.Assert has been deprecated
[WARNING] /mnt/ramdisk/build-bench/metrics-4.1.22/metrics-httpclient/src/test/java/com/codahale/metrics/httpclient/HttpClientMetricNameStrategiesTest.java:[91,9] <T>assertThat(T,org.hamcrest.Matcher<? super T>) in org.junit.Assert has been deprecated
[WARNING] /mnt/ramdisk/build-bench/metrics-4.1.22/metrics-httpclient/src/test/java/com/codahale/metrics/httpclient/HttpClientMetricNameStrategiesTest.java:[100,9] <T>assertThat(T,org.hamcrest.Matcher<? super T>) in org.junit.Assert has been deprecated
[WARNING] /mnt/ramdisk/build-bench/metrics-4.1.22/metrics-httpclient/src/test/java/com/codahale/metrics/httpclient/HttpClientMetricNameStrategiesTest.java:[108,27] rewriteURI(java.net.URI,org.apache.http.HttpHost,boolean) in org.apache.http.client.utils.URIUtils has been deprecated
[INFO] 
[INFO] --- maven-surefire-plugin:2.22.2:test (default-test) @ metrics-httpclient ---
[INFO] 
[INFO] -------------------------------------------------------
[INFO]  T E S T S
[INFO] -------------------------------------------------------
[INFO] Running com.codahale.metrics.ehcache.InstrumentedCacheDecoratorFactoryTest
[INFO] Running com.codahale.metrics.caffeine.MetricsStatsCounterTest
[WARNING] bootstrap class path not set in conjunction with -source 8
[WARNING] /mnt/ramdisk/build-bench/metrics-4.1.22/metrics-httpclient5/src/test/java/com/codahale/metrics/httpclient5/InstrumentedHttpAsyncClientsTest.java:[9,48] org.apache.hc.client5.http.async.methods.SimpleHttpRequests in org.apache.hc.client5.http.async.methods has been deprecated
[WARNING] /mnt/ramdisk/build-bench/metrics-4.1.22/metrics-httpclient5/src/test/java/com/codahale/metrics/httpclient5/HttpClientMetricNameStrategiesTest.java:[24,9] <T>assertThat(T,org.hamcrest.Matcher<? super T>) in org.junit.Assert has been deprecated
[WARNING] /mnt/ramdisk/build-bench/metrics-4.1.22/metrics-httpclient5/src/test/java/com/codahale/metrics/httpclient5/HttpClientMetricNameStrategiesTest.java:[30,9] <T>assertThat(T,org.hamcrest.Matcher<? super T>) in org.junit.Assert has been deprecated
[WARNING] /mnt/ramdisk/build-bench/metrics-4.1.22/metrics-httpclient5/src/test/java/com/codahale/metrics/httpclient5/HttpClientMetricNameStrategiesTest.java:[36,9] <T>assertThat(T,org.hamcrest.Matcher<? super T>) in org.junit.Assert has been deprecated
[WARNING] /mnt/ramdisk/build-bench/metrics-4.1.22/metrics-httpclient5/src/test/java/com/codahale/metrics/httpclient5/HttpClientMetricNameStrategiesTest.java:[42,9] <T>assertThat(T,org.hamcrest.Matcher<? super T>) in org.junit.Assert has been deprecated
[WARNING] /mnt/ramdisk/build-bench/metrics-4.1.22/metrics-httpclient5/src/test/java/com/codahale/metrics/httpclient5/HttpClientMetricNameStrategiesTest.java:[50,9] <T>assertThat(T,org.hamcrest.Matcher<? super T>) in org.junit.Assert has been deprecated
[WARNING] /mnt/ramdisk/build-bench/metrics-4.1.22/metrics-httpclient5/src/test/java/com/codahale/metrics/httpclient5/HttpClientMetricNameStrategiesTest.java:[58,9] <T>assertThat(T,org.hamcrest.Matcher<? super T>) in org.junit.Assert has been deprecated
[WARNING] /mnt/ramdisk/build-bench/metrics-4.1.22/metrics-httpclient5/src/test/java/com/codahale/metrics/httpclient5/HttpClientMetricNameStrategiesTest.java:[64,9] <T>assertThat(T,org.hamcrest.Matcher<? super T>) in org.junit.Assert has been deprecated
[WARNING] /mnt/ramdisk/build-bench/metrics-4.1.22/metrics-httpclient5/src/test/java/com/codahale/metrics/httpclient5/HttpClientMetricNameStrategiesTest.java:[73,9] <T>assertThat(T,org.hamcrest.Matcher<? super T>) in org.junit.Assert has been deprecated
[WARNING] /mnt/ramdisk/build-bench/metrics-4.1.22/metrics-httpclient5/src/test/java/com/codahale/metrics/httpclient5/HttpClientMetricNameStrategiesTest.java:[81,27] rewriteURI(java.net.URI,org.apache.hc.core5.http.HttpHost,boolean) in org.apache.hc.client5.http.utils.URIUtils has been deprecated
[WARNING] /mnt/ramdisk/build-bench/metrics-4.1.22/metrics-httpclient5/src/test/java/com/codahale/metrics/httpclient5/InstrumentedHttpAsyncClientsTest.java:[77,43] org.apache.hc.client5.http.async.methods.SimpleHttpRequests in org.apache.hc.client5.http.async.methods has been deprecated
[WARNING] /mnt/ramdisk/build-bench/metrics-4.1.22/metrics-httpclient5/src/test/java/com/codahale/metrics/httpclient5/InstrumentedHttpAsyncClientsTest.java:[117,43] org.apache.hc.client5.http.async.methods.SimpleHttpRequests in org.apache.hc.client5.http.async.methods has been deprecated
[WARNING] /mnt/ramdisk/build-bench/metrics-4.1.22/metrics-httpclient5/src/test/java/com/codahale/metrics/httpclient5/InstrumentedHttpAsyncClientsTest.java:[163,43] org.apache.hc.client5.http.async.methods.SimpleHttpRequests in org.apache.hc.client5.http.async.methods has been deprecated
[INFO] 
[INFO] --- maven-surefire-plugin:2.22.2:test (default-test) @ metrics-httpclient5 ---
[INFO] 
[INFO] -------------------------------------------------------
[INFO]  T E S T S
[INFO] -------------------------------------------------------
[WARNING] commons-math3-3.2.jar, jmh-core-1.31.jar, jopt-simple-4.6.jar, metrics-benchmarks-4.1.22.jar, metrics-core-4.1.22.jar, slf4j-api-1.7.30.jar define 1 overlapping resource: 
[WARNING]   - META-INF/MANIFEST.MF
[WARNING] maven-shade-plugin has detected that some class files are
[WARNING] present in two or more JARs. When this happens, only one
[WARNING] single version of the class is copied to the uber jar.
[WARNING] Usually this is not harmful and you can skip these warnings,
[WARNING] otherwise try to manually exclude artifacts based on
[WARNING] mvn dependency:tree -Ddetail=true and the above output.
[WARNING] See http://maven.apache.org/plugins/maven-shade-plugin/
[INFO] Replacing /mnt/ramdisk/build-bench/metrics-4.1.22/metrics-benchmarks/target/benchmarks.jar with /mnt/ramdisk/build-bench/metrics-4.1.22/metrics-benchmarks/target/metrics-benchmarks-4.1.22-shaded.jar
[INFO] 
[INFO] ---------------< io.dropwizard.metrics:metrics-jcstress >---------------
[INFO] Building Metrics JCStress tests 4.1.22                           [14/27]
[INFO] --------------------------------[ jar ]---------------------------------
[INFO] 
[INFO] --- maven-clean-plugin:2.5:clean (default-clean) @ metrics-jcstress ---
[INFO] Deleting /mnt/ramdisk/build-bench/metrics-4.1.22/metrics-jcstress/target
[INFO] 
[INFO] --- maven-enforcer-plugin:1.4.1:enforce (enforce) @ metrics-jcstress ---
[INFO] 
[INFO] --- jacoco-maven-plugin:0.8.7:prepare-agent (prepare-agent) @ metrics-jcstress ---
[INFO] argLine set to -javaagent:/mnt/ramdisk/.m2/repository/org/jacoco/org.jacoco.agent/0.8.7/org.jacoco.agent-0.8.7-runtime.jar=destfile=/mnt/ramdisk/build-bench/metrics-4.1.22/metrics-jcstress/target/jacoco.exec
[INFO] 
[INFO] --- maven-resources-plugin:2.6:resources (default-resources) @ metrics-jcstress ---
[INFO] Using 'UTF-8' encoding to copy filtered resources.
[INFO] skip non existing resourceDirectory /mnt/ramdisk/build-bench/metrics-4.1.22/metrics-jcstress/src/main/resources
[INFO] 
[INFO] --- maven-compiler-plugin:3.8.1:compile (default-compile) @ metrics-jcstress ---
[INFO] Changes detected - recompiling the module!
[INFO] Compiling 3 source files to /mnt/ramdisk/build-bench/metrics-4.1.22/metrics-jcstress/target/classes
[INFO] Tests run: 8, Failures: 0, Errors: 0, Skipped: 0, Time elapsed: 1.461 s - in com.codahale.metrics.caffeine.MetricsStatsCounterTest
[INFO] 
[INFO] Results:
[INFO] 
[INFO] Tests run: 8, Failures: 0, Errors: 0, Skipped: 0
[INFO] 
[INFO] 
[INFO] --- maven-enforcer-plugin:1.4.1:enforce (enforce) @ metrics-caffeine ---
[INFO] 
[INFO] --- jacoco-maven-plugin:0.8.7:prepare-agent (prepare-agent) @ metrics-caffeine ---
[INFO] argLine set to -javaagent:/mnt/ramdisk/.m2/repository/org/jacoco/org.jacoco.agent/0.8.7/org.jacoco.agent-0.8.7-runtime.jar=destfile=/mnt/ramdisk/build-bench/metrics-4.1.22/metrics-caffeine/target/jacoco.exec
[INFO] 
[INFO] --- maven-resources-plugin:3.2.0:resources (default-resources) @ metrics-caffeine ---
[INFO] Using 'UTF-8' encoding to copy filtered resources.
[INFO] Using 'UTF-8' encoding to copy filtered properties files.
[INFO] skip non existing resourceDirectory /mnt/ramdisk/build-bench/metrics-4.1.22/metrics-caffeine/src/main/resources
[INFO] 
[INFO] --- maven-compiler-plugin:3.8.1:compile (default-compile) @ metrics-caffeine ---
[INFO] Changes detected - recompiling the module!
[INFO] Compiling 1 source file to /mnt/ramdisk/build-bench/metrics-4.1.22/metrics-caffeine/target/classes
[INFO] Running com.codahale.metrics.httpclient.InstrumentedHttpClientConnectionManagerTest
[WARNING] bootstrap class path not set in conjunction with -source 8
[WARNING] /mnt/ramdisk/build-bench/metrics-4.1.22/metrics-collectd/src/test/java/com/codahale/metrics/collectd/Receiver.java:[49,17] [CatchAndPrintStackTrace] Logging or rethrowing exceptions should usually be preferred to catching and calling printStackTrace
    (see https://errorprone.info/bugpattern/CatchAndPrintStackTrace)
[WARNING] /mnt/ramdisk/build-bench/metrics-4.1.22/metrics-collectd/src/test/java/com/codahale/metrics/collectd/SanitizeTest.java:[24,77] [UnnecessaryParentheses] These grouping parentheses are unnecessary; it is unlikely the code will be misinterpreted without them
    (see https://errorprone.info/bugpattern/UnnecessaryParentheses)
  Did you mean 'assertThat(sanitize.name(longName)).isEqualTo(longName.substring(0, Sanitize.DEFAULT_MAX_LENGTH));'?
[INFO] 
[INFO] --- maven-surefire-plugin:2.22.2:test (default-test) @ metrics-collectd ---
[INFO] 
[INFO] -------------------------------------------------------
[INFO]  T E S T S
[INFO] -------------------------------------------------------
[WARNING] bootstrap class path not set in conjunction with -source 8
[INFO] 
[INFO] --- maven-surefire-plugin:2.22.2:test (default-test) @ metrics-graphite ---
[WARNING] bootstrap class path not set in conjunction with -source 8
[WARNING] /mnt/ramdisk/build-bench/metrics-4.1.22/metrics-jvm/src/test/java/com/codahale/metrics/jvm/FileDescriptorRatioGaugeSunManagementNotExistsTest.java:[61,43] [URLEqualsHashCode] Avoid hash-based containers of java.net.URL--the containers rely on equals() and hashCode(), which cause java.net.URL to make blocking internet connections.
    (see https://errorprone.info/bugpattern/URLEqualsHashCode)
[INFO] 
[INFO] --- maven-surefire-plugin:2.22.2:test (default-test) @ metrics-jvm ---
[INFO] 
[INFO] -------------------------------------------------------
[INFO]  T E S T S
[INFO] -------------------------------------------------------
[INFO] 
[INFO] -------------------------------------------------------
[INFO]  T E S T S
[INFO] -------------------------------------------------------
[INFO] Tests run: 2, Failures: 0, Errors: 0, Skipped: 0, Time elapsed: 3.797 s - in com.codahale.metrics.ehcache.InstrumentedCacheDecoratorFactoryTest
[INFO] Running com.codahale.metrics.ehcache.InstrumentedEhcacheTest
[INFO] Tests run: 1, Failures: 0, Errors: 0, Skipped: 0, Time elapsed: 0.124 s - in com.codahale.metrics.ehcache.InstrumentedEhcacheTest
[INFO] 
[INFO] Results:
[INFO] 
[INFO] Tests run: 3, Failures: 0, Errors: 0, Skipped: 0
[INFO] 
[INFO] 
[INFO] --- maven-enforcer-plugin:1.4.1:enforce (enforce) @ metrics-ehcache ---
[INFO] 
[INFO] --- jacoco-maven-plugin:0.8.7:prepare-agent (prepare-agent) @ metrics-ehcache ---
[INFO] argLine set to -javaagent:/mnt/ramdisk/.m2/repository/org/jacoco/org.jacoco.agent/0.8.7/org.jacoco.agent-0.8.7-runtime.jar=destfile=/mnt/ramdisk/build-bench/metrics-4.1.22/metrics-ehcache/target/jacoco.exec
[INFO] 
[INFO] --- maven-resources-plugin:3.2.0:resources (default-resources) @ metrics-ehcache ---
[INFO] Using 'UTF-8' encoding to copy filtered resources.
[INFO] Using 'UTF-8' encoding to copy filtered properties files.
[INFO] skip non existing resourceDirectory /mnt/ramdisk/build-bench/metrics-4.1.22/metrics-ehcache/src/main/resources
[INFO] 
[INFO] --- maven-compiler-plugin:3.8.1:compile (default-compile) @ metrics-ehcache ---
[INFO] Changes detected - recompiling the module!
[INFO] Compiling 2 source files to /mnt/ramdisk/build-bench/metrics-4.1.22/metrics-ehcache/target/classes
[INFO] Running com.codahale.metrics.httpclient5.InstrumentedAsyncClientConnectionManagerTest
[INFO] Running com.codahale.metrics.graphite.GraphiteUDPTest
[WARNING] bootstrap class path not set in conjunction with -source 8
[INFO] 
[INFO] --- maven-resources-plugin:2.6:testResources (default-testResources) @ metrics-jcstress ---
[INFO] Using 'UTF-8' encoding to copy filtered resources.
[INFO] skip non existing resourceDirectory /mnt/ramdisk/build-bench/metrics-4.1.22/metrics-jcstress/src/test/resources
[INFO] 
[INFO] --- maven-compiler-plugin:3.8.1:testCompile (default-testCompile) @ metrics-jcstress ---
[INFO] No sources to compile
[INFO] 
[INFO] --- maven-surefire-plugin:2.22.2:test (default-test) @ metrics-jcstress ---
[INFO] Running com.codahale.metrics.collectd.SanitizeTest
[INFO] No tests to run.
[INFO] 
[INFO] --- maven-enforcer-plugin:1.4.1:enforce (enforce) @ metrics-jcstress ---
[INFO] 
[INFO] --- jacoco-maven-plugin:0.8.7:prepare-agent (prepare-agent) @ metrics-jcstress ---
[INFO] argLine set to -javaagent:/mnt/ramdisk/.m2/repository/org/jacoco/org.jacoco.agent/0.8.7/org.jacoco.agent-0.8.7-runtime.jar=destfile=/mnt/ramdisk/build-bench/metrics-4.1.22/metrics-jcstress/target/jacoco.exec
[INFO] 
[INFO] --- maven-resources-plugin:2.6:resources (default-resources) @ metrics-jcstress ---
[INFO] Using 'UTF-8' encoding to copy filtered resources.
[INFO] skip non existing resourceDirectory /mnt/ramdisk/build-bench/metrics-4.1.22/metrics-jcstress/src/main/resources
[INFO] 
[INFO] --- maven-compiler-plugin:3.8.1:compile (default-compile) @ metrics-jcstress ---
[INFO] Changes detected - recompiling the module!
[INFO] Compiling 3 source files to /mnt/ramdisk/build-bench/metrics-4.1.22/metrics-jcstress/target/classes
[INFO] Running com.codahale.metrics.jvm.ThreadDeadlockDetectorTest
[WARNING] bootstrap class path not set in conjunction with -source 8
[INFO] 
[INFO] --- maven-resources-plugin:3.2.0:testResources (default-testResources) @ metrics-caffeine ---
[INFO] Using 'UTF-8' encoding to copy filtered resources.
[INFO] Using 'UTF-8' encoding to copy filtered properties files.
[INFO] skip non existing resourceDirectory /mnt/ramdisk/build-bench/metrics-4.1.22/metrics-caffeine/src/test/resources
[INFO] 
[INFO] --- maven-compiler-plugin:3.8.1:testCompile (default-testCompile) @ metrics-caffeine ---
[INFO] Changes detected - recompiling the module!
[INFO] Compiling 1 source file to /mnt/ramdisk/build-bench/metrics-4.1.22/metrics-caffeine/target/test-classes
[INFO] Tests run: 5, Failures: 0, Errors: 0, Skipped: 0, Time elapsed: 3.347 s - in com.codahale.metrics.collectd.SanitizeTest
[INFO] Running com.codahale.metrics.collectd.PacketWriterTest
[INFO] Tests run: 2, Failures: 0, Errors: 0, Skipped: 0, Time elapsed: 1.464 s - in com.codahale.metrics.collectd.PacketWriterTest
[INFO] Running com.codahale.metrics.collectd.CollectdReporterTest
[INFO] Tests run: 2, Failures: 0, Errors: 0, Skipped: 0, Time elapsed: 11.367 s - in com.codahale.metrics.httpclient.InstrumentedHttpClientConnectionManagerTest
[INFO] Running com.codahale.metrics.httpclient.InstrumentedHttpClientsTest
[WARNING] bootstrap class path not set in conjunction with -source 8
[INFO] 
[INFO] --- maven-resources-plugin:3.2.0:testResources (default-testResources) @ metrics-ehcache ---
[INFO] Using 'UTF-8' encoding to copy filtered resources.
[INFO] Using 'UTF-8' encoding to copy filtered properties files.
[INFO] Copying 1 resource
[INFO] 
[INFO] --- maven-compiler-plugin:3.8.1:testCompile (default-testCompile) @ metrics-ehcache ---
[INFO] Changes detected - recompiling the module!
[INFO] Compiling 2 source files to /mnt/ramdisk/build-bench/metrics-4.1.22/metrics-ehcache/target/test-classes
[WARNING] bootstrap class path not set in conjunction with -source 8
[INFO] 
[INFO] --- maven-resources-plugin:2.6:testResources (default-testResources) @ metrics-jcstress ---
[INFO] Using 'UTF-8' encoding to copy filtered resources.
[INFO] skip non existing resourceDirectory /mnt/ramdisk/build-bench/metrics-4.1.22/metrics-jcstress/src/test/resources
[INFO] 
[INFO] --- maven-compiler-plugin:3.8.1:testCompile (default-testCompile) @ metrics-jcstress ---
[INFO] No sources to compile
[INFO] 
[INFO] --- maven-surefire-plugin:2.22.2:test (default-test) @ metrics-jcstress ---
[INFO] No tests to run.
[INFO] Skipping execution of surefire because it has already been run for this configuration
[INFO] 
[INFO] --- maven-jar-plugin:3.2.0:jar (default-jar) @ metrics-jcstress ---
[INFO] Building jar: /mnt/ramdisk/build-bench/metrics-4.1.22/metrics-jcstress/target/metrics-jcstress-4.1.22.jar
[INFO] 
[INFO] --- maven-shade-plugin:3.2.4:shade (main) @ metrics-jcstress ---
[INFO] Including io.dropwizard.metrics:metrics-core:jar:4.1.22 in the shaded jar.
[INFO] Including org.openjdk.jcstress:jcstress-core:jar:0.11 in the shaded jar.
[INFO] Including net.sf.jopt-simple:jopt-simple:jar:4.6 in the shaded jar.
[INFO] Including net.java.dev.jna:jna:jar:4.5.2 in the shaded jar.
[INFO] Including net.java.dev.jna:jna-platform:jar:4.5.2 in the shaded jar.
[INFO] Including org.slf4j:slf4j-api:jar:1.7.30 in the shaded jar.
[INFO] Tests run: 2, Failures: 0, Errors: 0, Skipped: 0, Time elapsed: 14.48 s - in com.codahale.metrics.httpclient5.InstrumentedAsyncClientConnectionManagerTest
[INFO] Running com.codahale.metrics.httpclient5.InstrumentedHttpClientConnectionManagerTest
[INFO] Tests run: 2, Failures: 0, Errors: 0, Skipped: 0, Time elapsed: 0.041 s - in com.codahale.metrics.httpclient5.InstrumentedHttpClientConnectionManagerTest
[INFO] Running com.codahale.metrics.httpclient5.InstrumentedHttpAsyncClientsTest
[WARNING] bootstrap class path not set in conjunction with -source 8
[WARNING] /mnt/ramdisk/build-bench/metrics-4.1.22/metrics-caffeine/src/test/java/com/codahale/metrics/caffeine/MetricsStatsCounterTest.java:[88,10] recordEviction() in com.codahale.metrics.caffeine.MetricsStatsCounter has been deprecated
[WARNING] /mnt/ramdisk/build-bench/metrics-4.1.22/metrics-caffeine/src/test/java/com/codahale/metrics/caffeine/MetricsStatsCounterTest.java:[95,10] recordEviction(int) in com.codahale.metrics.caffeine.MetricsStatsCounter has been deprecated
[INFO] 
[INFO] --- maven-surefire-plugin:2.22.2:test (default-test) @ metrics-caffeine ---
[INFO] Skipping execution of surefire because it has already been run for this configuration
[INFO] 
[INFO] --- maven-bundle-plugin:5.1.2:bundle (default-bundle) @ metrics-caffeine ---
[INFO] Tests run: 3, Failures: 0, Errors: 0, Skipped: 0, Time elapsed: 12.165 s - in com.codahale.metrics.jvm.ThreadDeadlockDetectorTest
[INFO] Running com.codahale.metrics.jvm.CpuTimeClockTest
[WARNING] jcstress-core-0.11.jar, jna-4.5.2.jar, jna-platform-4.5.2.jar, jopt-simple-4.6.jar, metrics-core-4.1.22.jar, metrics-jcstress-4.1.22.jar, slf4j-api-1.7.30.jar define 1 overlapping resource: 
[WARNING]   - META-INF/MANIFEST.MF
[WARNING] maven-shade-plugin has detected that some class files are
[WARNING] present in two or more JARs. When this happens, only one
[WARNING] single version of the class is copied to the uber jar.
[WARNING] Usually this is not harmful and you can skip these warnings,
[WARNING] otherwise try to manually exclude artifacts based on
[WARNING] mvn dependency:tree -Ddetail=true and the above output.
[WARNING] See http://maven.apache.org/plugins/maven-shade-plugin/
[INFO] Replacing /mnt/ramdisk/build-bench/metrics-4.1.22/metrics-jcstress/target/jcstress.jar with /mnt/ramdisk/build-bench/metrics-4.1.22/metrics-jcstress/target/metrics-jcstress-4.1.22-shaded.jar
[INFO] 
[INFO] -----------------< io.dropwizard.metrics:metrics-jdbi >-----------------
[INFO] Building Metrics Integration for JDBI 4.1.22                     [15/27]
[INFO] -------------------------------[ bundle ]-------------------------------
[WARNING] Bundle io.dropwizard.metrics:metrics-caffeine:bundle:4.1.22 : Unused Import-Package instructions: [javax.servlet*, org.slf4j*, sun.misc.*, com.sun.management.*] 
[INFO] 
[INFO] --- maven-clean-plugin:2.5:clean (default-clean) @ metrics-jdbi ---
[INFO] Deleting /mnt/ramdisk/build-bench/metrics-4.1.22/metrics-jdbi/target
[INFO] 
[INFO] --- maven-enforcer-plugin:1.4.1:enforce (enforce) @ metrics-jdbi ---
[INFO] 
[INFO] ----------------< io.dropwizard.metrics:metrics-jdbi3 >-----------------
[INFO] Building Metrics Integration for JDBI3 4.1.22                    [16/27]
[INFO] -------------------------------[ bundle ]-------------------------------
[INFO] 
[INFO] --- jacoco-maven-plugin:0.8.7:prepare-agent (prepare-agent) @ metrics-jdbi ---
[INFO] argLine set to -javaagent:/mnt/ramdisk/.m2/repository/org/jacoco/org.jacoco.agent/0.8.7/org.jacoco.agent-0.8.7-runtime.jar=destfile=/mnt/ramdisk/build-bench/metrics-4.1.22/metrics-jdbi/target/jacoco.exec
[INFO] 
[INFO] --- maven-resources-plugin:3.2.0:resources (default-resources) @ metrics-jdbi ---
[INFO] Using 'UTF-8' encoding to copy filtered resources.
[INFO] Using 'UTF-8' encoding to copy filtered properties files.
[INFO] skip non existing resourceDirectory /mnt/ramdisk/build-bench/metrics-4.1.22/metrics-jdbi/src/main/resources
[INFO] 
[INFO] --- maven-compiler-plugin:3.8.1:compile (default-compile) @ metrics-jdbi ---
[INFO] Changes detected - recompiling the module!
[INFO] Compiling 9 source files to /mnt/ramdisk/build-bench/metrics-4.1.22/metrics-jdbi/target/classes
[INFO] 
[INFO] --- maven-clean-plugin:2.5:clean (default-clean) @ metrics-jdbi3 ---
[INFO] Deleting /mnt/ramdisk/build-bench/metrics-4.1.22/metrics-jdbi3/target
[INFO] 
[INFO] --- maven-enforcer-plugin:1.4.1:enforce (enforce) @ metrics-jdbi3 ---
[main] WARN com.codahale.metrics.collectd.CollectdReporter - Failed to process metric 'unsupported'. Unsupported gauge of type: java.lang.String 
[INFO] 
[INFO] --- jacoco-maven-plugin:0.8.7:prepare-agent (prepare-agent) @ metrics-jdbi3 ---
[INFO] argLine set to -javaagent:/mnt/ramdisk/.m2/repository/org/jacoco/org.jacoco.agent/0.8.7/org.jacoco.agent-0.8.7-runtime.jar=destfile=/mnt/ramdisk/build-bench/metrics-4.1.22/metrics-jdbi3/target/jacoco.exec
[INFO] 
[INFO] --- maven-resources-plugin:3.2.0:resources (default-resources) @ metrics-jdbi3 ---
[INFO] Using 'UTF-8' encoding to copy filtered resources.
[INFO] Using 'UTF-8' encoding to copy filtered properties files.
[INFO] skip non existing resourceDirectory /mnt/ramdisk/build-bench/metrics-4.1.22/metrics-jdbi3/src/main/resources
[INFO] 
[INFO] --- maven-compiler-plugin:3.8.1:compile (default-compile) @ metrics-jdbi3 ---
[INFO] Changes detected - recompiling the module!
[INFO] Compiling 9 source files to /mnt/ramdisk/build-bench/metrics-4.1.22/metrics-jdbi3/target/classes
[ERROR] Tests run: 1, Failures: 1, Errors: 0, Skipped: 0, Time elapsed: 0.844 s <<< FAILURE! - in com.codahale.metrics.jvm.CpuTimeClockTest
[ERROR] cpuTimeClock(com.codahale.metrics.jvm.CpuTimeClockTest)  Time elapsed: 0.837 s  <<< FAILURE!
java.lang.AssertionError: 

Expecting:
  1.640542009524E12
to be close to:
  1.640542010223E12
by less than 200.0 but difference was 699.0.
(a difference of exactly 200.0 being considered valid)
	at com.codahale.metrics.jvm.CpuTimeClockTest.cpuTimeClock(CpuTimeClockTest.java:17)

[INFO] Running com.codahale.metrics.jvm.GarbageCollectorMetricSetTest
[INFO] Tests run: 4, Failures: 0, Errors: 0, Skipped: 0, Time elapsed: 0.341 s - in com.codahale.metrics.jvm.GarbageCollectorMetricSetTest
[INFO] Running com.codahale.metrics.jvm.JmxAttributeGaugeTest
[WARNING] bootstrap class path not set in conjunction with -source 8
[INFO] 
[INFO] --- maven-surefire-plugin:2.22.2:test (default-test) @ metrics-ehcache ---
[INFO] Skipping execution of surefire because it has already been run for this configuration
[INFO] 
[INFO] --- maven-bundle-plugin:5.1.2:bundle (default-bundle) @ metrics-ehcache ---
[INFO] Tests run: 5, Failures: 0, Errors: 0, Skipped: 0, Time elapsed: 0.474 s - in com.codahale.metrics.jvm.JmxAttributeGaugeTest
[INFO] Running com.codahale.metrics.jvm.FileDescriptorRatioGaugeSunManagementNotExistsTest
[INFO] Tests run: 1, Failures: 0, Errors: 0, Skipped: 0, Time elapsed: 0.007 s - in com.codahale.metrics.jvm.FileDescriptorRatioGaugeSunManagementNotExistsTest
[INFO] Running com.codahale.metrics.jvm.MemoryUsageGaugeSetTest
[WARNING] Bundle io.dropwizard.metrics:metrics-ehcache:bundle:4.1.22 : Unused Import-Package instructions: [javax.servlet*, org.slf4j*, sun.misc.*, com.sun.management.*] 
[INFO] 
[INFO] ---------------< io.dropwizard.metrics:metrics-jersey2 >----------------
[INFO] Building Metrics Integration for Jersey 2.x 4.1.22               [17/27]
[INFO] -------------------------------[ bundle ]-------------------------------
[INFO] Tests run: 3, Failures: 0, Errors: 0, Skipped: 0, Time elapsed: 4.394 s - in com.codahale.metrics.httpclient5.InstrumentedHttpAsyncClientsTest
[INFO] Running com.codahale.metrics.httpclient5.HttpClientMetricNameStrategiesTest
[INFO] Tests run: 8, Failures: 0, Errors: 0, Skipped: 0, Time elapsed: 0.077 s - in com.codahale.metrics.httpclient5.HttpClientMetricNameStrategiesTest
[INFO] Running com.codahale.metrics.httpclient5.InstrumentedHttpClientsTest
[INFO] 
[INFO] --- maven-clean-plugin:2.5:clean (default-clean) @ metrics-jersey2 ---
[INFO] Deleting /mnt/ramdisk/build-bench/metrics-4.1.22/metrics-jersey2/target
[INFO] 
[INFO] --- maven-enforcer-plugin:1.4.1:enforce (enforce) @ metrics-jersey2 ---
java.net.SocketException: Socket closed
	at java.base/java.net.PlainDatagramSocketImpl.receive0(Native Method)
	at java.base/java.net.AbstractPlainDatagramSocketImpl.receive(AbstractPlainDatagramSocketImpl.java:181)
	at java.base/java.net.DatagramSocket.receive(DatagramSocket.java:814)
	at org.collectd.protocol.UdpReceiver.listen(UdpReceiver.java:266)
	at com.codahale.metrics.collectd.Receiver.lambda$before$0(Receiver.java:47)
	at java.base/java.lang.Thread.run(Thread.java:829)
[INFO] Tests run: 15, Failures: 0, Errors: 0, Skipped: 0, Time elapsed: 11.106 s - in com.codahale.metrics.collectd.CollectdReporterTest
[INFO] Running com.codahale.metrics.collectd.CollectdReporterSecurityTest
[INFO] Tests run: 23, Failures: 0, Errors: 0, Skipped: 0, Time elapsed: 0.884 s - in com.codahale.metrics.jvm.MemoryUsageGaugeSetTest
[INFO] Running com.codahale.metrics.jvm.ThreadStatesGaugeSetTest
[INFO] Tests run: 2, Failures: 0, Errors: 0, Skipped: 0, Time elapsed: 0.048 s - in com.codahale.metrics.collectd.CollectdReporterSecurityTest
[INFO] Tests run: 9, Failures: 0, Errors: 0, Skipped: 0, Time elapsed: 0.192 s - in com.codahale.metrics.jvm.ThreadStatesGaugeSetTest
[INFO] Running com.codahale.metrics.jvm.BufferPoolMetricSetTest
[INFO] 
[INFO] --- jacoco-maven-plugin:0.8.7:prepare-agent (prepare-agent) @ metrics-jersey2 ---
[INFO] argLine set to -javaagent:/mnt/ramdisk/.m2/repository/org/jacoco/org.jacoco.agent/0.8.7/org.jacoco.agent-0.8.7-runtime.jar=destfile=/mnt/ramdisk/build-bench/metrics-4.1.22/metrics-jersey2/target/jacoco.exec
[INFO] 
[INFO] --- maven-resources-plugin:3.2.0:resources (default-resources) @ metrics-jersey2 ---
[INFO] Using 'UTF-8' encoding to copy filtered resources.
[INFO] Using 'UTF-8' encoding to copy filtered properties files.
[INFO] skip non existing resourceDirectory /mnt/ramdisk/build-bench/metrics-4.1.22/metrics-jersey2/src/main/resources
[INFO] 
[INFO] --- maven-compiler-plugin:3.8.1:compile (default-compile) @ metrics-jersey2 ---
[INFO] Changes detected - recompiling the module!
[INFO] Compiling 2 source files to /mnt/ramdisk/build-bench/metrics-4.1.22/metrics-jersey2/target/classes
[INFO] 
[INFO] Results:
[INFO] 
[INFO] Tests run: 24, Failures: 0, Errors: 0, Skipped: 0
[INFO] 
[INFO] 
[INFO] --- maven-enforcer-plugin:1.4.1:enforce (enforce) @ metrics-collectd ---
[INFO] 
[INFO] --- jacoco-maven-plugin:0.8.7:prepare-agent (prepare-agent) @ metrics-collectd ---
[INFO] argLine set to -javaagent:/mnt/ramdisk/.m2/repository/org/jacoco/org.jacoco.agent/0.8.7/org.jacoco.agent-0.8.7-runtime.jar=destfile=/mnt/ramdisk/build-bench/metrics-4.1.22/metrics-collectd/target/jacoco.exec
[INFO] 
[INFO] --- maven-resources-plugin:3.2.0:resources (default-resources) @ metrics-collectd ---
[INFO] Using 'UTF-8' encoding to copy filtered resources.
[INFO] Using 'UTF-8' encoding to copy filtered properties files.
[INFO] skip non existing resourceDirectory /mnt/ramdisk/build-bench/metrics-4.1.22/metrics-collectd/src/main/resources
[INFO] 
[INFO] --- maven-compiler-plugin:3.8.1:compile (default-compile) @ metrics-collectd ---
[INFO] Changes detected - recompiling the module!
[INFO] Compiling 7 source files to /mnt/ramdisk/build-bench/metrics-4.1.22/metrics-collectd/target/classes
[INFO] Tests run: 8, Failures: 0, Errors: 0, Skipped: 0, Time elapsed: 0.41 s - in com.codahale.metrics.jvm.BufferPoolMetricSetTest
[INFO] Running com.codahale.metrics.jvm.ThreadDumpTest
[INFO] Tests run: 1, Failures: 0, Errors: 0, Skipped: 0, Time elapsed: 0 s - in com.codahale.metrics.jvm.ThreadDumpTest
[INFO] Running com.codahale.metrics.jvm.JvmAttributeGaugeSetTest
[INFO] Tests run: 5, Failures: 0, Errors: 0, Skipped: 0, Time elapsed: 0.048 s - in com.codahale.metrics.jvm.JvmAttributeGaugeSetTest
[INFO] Running com.codahale.metrics.jvm.ClassLoadingGaugeSetTest
[INFO] Tests run: 2, Failures: 0, Errors: 0, Skipped: 0, Time elapsed: 0.047 s - in com.codahale.metrics.jvm.ClassLoadingGaugeSetTest
[WARNING] bootstrap class path not set in conjunction with -source 8
[WARNING] /mnt/ramdisk/build-bench/metrics-4.1.22/metrics-jdbi3/src/main/java/com/codahale/metrics/jdbi3/InstrumentedTimingCollector.java:[8,34] org.jdbi.v3.core.statement.TimingCollector in org.jdbi.v3.core.statement has been deprecated
[INFO] 
[INFO] --- maven-resources-plugin:3.2.0:testResources (default-testResources) @ metrics-jdbi3 ---
[INFO] Using 'UTF-8' encoding to copy filtered resources.
[INFO] Using 'UTF-8' encoding to copy filtered properties files.
[INFO] skip non existing resourceDirectory /mnt/ramdisk/build-bench/metrics-4.1.22/metrics-jdbi3/src/test/resources
[INFO] 
[INFO] --- maven-compiler-plugin:3.8.1:testCompile (default-testCompile) @ metrics-jdbi3 ---
[INFO] Changes detected - recompiling the module!
[WARNING] bootstrap class path not set in conjunction with -source 8
[WARNING] Cannot find annotation method 'value()' in type 'edu.umd.cs.findbugs.annotations.SuppressFBWarnings': class file for edu.umd.cs.findbugs.annotations.SuppressFBWarnings not found
[INFO] Compiling 6 source files to /mnt/ramdisk/build-bench/metrics-4.1.22/metrics-jdbi3/target/test-classes
[INFO] 
[INFO] --- maven-resources-plugin:3.2.0:testResources (default-testResources) @ metrics-jdbi ---
[INFO] Using 'UTF-8' encoding to copy filtered resources.
[INFO] Using 'UTF-8' encoding to copy filtered properties files.
[INFO] skip non existing resourceDirectory /mnt/ramdisk/build-bench/metrics-4.1.22/metrics-jdbi/src/test/resources
[INFO] 
[INFO] --- maven-compiler-plugin:3.8.1:testCompile (default-testCompile) @ metrics-jdbi ---
[INFO] Changes detected - recompiling the module!
[INFO] Compiling 1 source file to /mnt/ramdisk/build-bench/metrics-4.1.22/metrics-jdbi/target/test-classes
[INFO] 
[INFO] Results:
[INFO] 
[ERROR] Failures: 
[ERROR]   CpuTimeClockTest.cpuTimeClock:17 
Expecting:
  1.640542009524E12
to be close to:
  1.640542010223E12
by less than 200.0 but difference was 699.0.
(a difference of exactly 200.0 being considered valid)
[INFO] 
[ERROR] Tests run: 62, Failures: 1, Errors: 0, Skipped: 0
[INFO] 
[INFO] 
[INFO] ------------------------------------------------------------------------
[INFO] Skipping Metrics Integration for Jetty 9.3 and higher
[INFO] This project has been banned from the build due to previous failures.
[INFO] ------------------------------------------------------------------------
[INFO] 
[INFO] ------------------------------------------------------------------------
[INFO] Skipping Metrics Integration with JMX
[INFO] This project has been banned from the build due to previous failures.
[INFO] ------------------------------------------------------------------------
[INFO] 
[INFO] ------------------------------------------------------------------------
[INFO] Skipping Metrics Integration for Log4j 2.x
[INFO] This project has been banned from the build due to previous failures.
[INFO] ------------------------------------------------------------------------
[INFO] 
[INFO] ------------------------------------------------------------------------
[INFO] Skipping Metrics Integration for Logback
[INFO] This project has been banned from the build due to previous failures.
[INFO] ------------------------------------------------------------------------
[INFO] 
[INFO] ------------------------------------------------------------------------
[INFO] Skipping Metrics Integration for Servlets
[INFO] This project has been banned from the build due to previous failures.
[INFO] ------------------------------------------------------------------------
[WARNING] bootstrap class path not set in conjunction with -source 8
[WARNING] /mnt/ramdisk/build-bench/metrics-4.1.22/metrics-jersey2/src/main/java/com/codahale/metrics/jersey2/InstrumentedResourceMethodApplicationListener.java:[495,24] [EqualsGetClass] Prefer instanceof to getClass when implementing Object#equals.
    (see https://errorprone.info/bugpattern/EqualsGetClass)
  Did you mean 'if (!(o instanceof EventTypeAndMethod)) {'?
[INFO] 
[INFO] --- maven-resources-plugin:3.2.0:testResources (default-testResources) @ metrics-jersey2 ---
[INFO] Using 'UTF-8' encoding to copy filtered resources.
[INFO] Using 'UTF-8' encoding to copy filtered properties files.
[INFO] skip non existing resourceDirectory /mnt/ramdisk/build-bench/metrics-4.1.22/metrics-jersey2/src/test/resources
[INFO] 
[INFO] --- maven-compiler-plugin:3.8.1:testCompile (default-testCompile) @ metrics-jersey2 ---
[INFO] Changes detected - recompiling the module!
[INFO] Compiling 22 source files to /mnt/ramdisk/build-bench/metrics-4.1.22/metrics-jersey2/target/test-classes
[WARNING] bootstrap class path not set in conjunction with -source 8
[WARNING] /mnt/ramdisk/build-bench/metrics-4.1.22/metrics-jdbi3/src/test/java/com/codahale/metrics/jdbi3/strategies/SmartNameStrategyTest.java:[3,34] com.codahale.metrics.jdbi3.InstrumentedTimingCollector in com.codahale.metrics.jdbi3 has been deprecated
[WARNING] /mnt/ramdisk/build-bench/metrics-4.1.22/metrics-jdbi3/src/test/java/com/codahale/metrics/jdbi3/strategies/SmartNameStrategyTest.java:[18,13] com.codahale.metrics.jdbi3.InstrumentedTimingCollector in com.codahale.metrics.jdbi3 has been deprecated
[WARNING] /mnt/ramdisk/build-bench/metrics-4.1.22/metrics-jdbi3/src/test/java/com/codahale/metrics/jdbi3/strategies/SmartNameStrategyTest.java:[24,25] com.codahale.metrics.jdbi3.InstrumentedTimingCollector in com.codahale.metrics.jdbi3 has been deprecated
[INFO] 
[INFO] --- maven-surefire-plugin:2.22.2:test (default-test) @ metrics-jdbi3 ---
[INFO] 
[INFO] -------------------------------------------------------
[INFO]  T E S T S
[INFO] -------------------------------------------------------
[WARNING] bootstrap class path not set in conjunction with -source 8
[INFO] 
[INFO] --- maven-surefire-plugin:2.22.2:test (default-test) @ metrics-jdbi ---
[INFO] 
[INFO] -------------------------------------------------------
[INFO]  T E S T S
[INFO] -------------------------------------------------------
[WARNING] bootstrap class path not set in conjunction with -source 8
[WARNING] /mnt/ramdisk/build-bench/metrics-4.1.22/metrics-collectd/src/main/java/com/codahale/metrics/collectd/PacketWriter.java:[157,49] redundant cast to java.nio.ByteBuffer
[WARNING] /mnt/ramdisk/build-bench/metrics-4.1.22/metrics-collectd/src/main/java/com/codahale/metrics/collectd/PacketWriter.java:[166,22] redundant cast to java.nio.ByteBuffer
[WARNING] /mnt/ramdisk/build-bench/metrics-4.1.22/metrics-collectd/src/main/java/com/codahale/metrics/collectd/PacketWriter.java:[161,16] redundant cast to java.nio.ByteBuffer
[WARNING] /mnt/ramdisk/build-bench/metrics-4.1.22/metrics-collectd/src/main/java/com/codahale/metrics/collectd/PacketWriter.java:[191,22] redundant cast to java.nio.ByteBuffer
[WARNING] /mnt/ramdisk/build-bench/metrics-4.1.22/metrics-collectd/src/main/java/com/codahale/metrics/collectd/PacketWriter.java:[189,36] redundant cast to java.nio.ByteBuffer
[WARNING] /mnt/ramdisk/build-bench/metrics-4.1.22/metrics-collectd/src/main/java/com/codahale/metrics/collectd/PacketWriter.java:[194,16] redundant cast to java.nio.ByteBuffer
[WARNING] /mnt/ramdisk/build-bench/metrics-4.1.22/metrics-collectd/src/main/java/com/codahale/metrics/collectd/PacketWriter.java:[239,41] redundant cast to java.nio.ByteBuffer
[WARNING] /mnt/ramdisk/build-bench/metrics-4.1.22/metrics-collectd/src/main/java/com/codahale/metrics/collectd/CollectdReporter.java:[182,37] [InconsistentCapitalization] Found the field 'hostName' with the same name as the parameter 'hostname' but with different capitalization.
    (see https://errorprone.info/bugpattern/InconsistentCapitalization)
  Did you mean 'String hostName, Sender sender,'?
[INFO] 
[INFO] --- maven-resources-plugin:3.2.0:testResources (default-testResources) @ metrics-collectd ---
[INFO] Using 'UTF-8' encoding to copy filtered resources.
[INFO] Using 'UTF-8' encoding to copy filtered properties files.
[INFO] skip non existing resourceDirectory /mnt/ramdisk/build-bench/metrics-4.1.22/metrics-collectd/src/test/resources
[INFO] 
[INFO] --- maven-compiler-plugin:3.8.1:testCompile (default-testCompile) @ metrics-collectd ---
[INFO] Changes detected - recompiling the module!
[INFO] Compiling 5 source files to /mnt/ramdisk/build-bench/metrics-4.1.22/metrics-collectd/target/test-classes
[WARNING] bootstrap class path not set in conjunction with -source 8
[INFO] 
[INFO] --- maven-surefire-plugin:2.22.2:test (default-test) @ metrics-jersey2 ---
[INFO] 
[INFO] -------------------------------------------------------
[INFO]  T E S T S
[INFO] -------------------------------------------------------
[WARNING] bootstrap class path not set in conjunction with -source 8
[WARNING] /mnt/ramdisk/build-bench/metrics-4.1.22/metrics-collectd/src/test/java/com/codahale/metrics/collectd/Receiver.java:[49,17] [CatchAndPrintStackTrace] Logging or rethrowing exceptions should usually be preferred to catching and calling printStackTrace
    (see https://errorprone.info/bugpattern/CatchAndPrintStackTrace)
[WARNING] /mnt/ramdisk/build-bench/metrics-4.1.22/metrics-collectd/src/test/java/com/codahale/metrics/collectd/SanitizeTest.java:[24,77] [UnnecessaryParentheses] These grouping parentheses are unnecessary; it is unlikely the code will be misinterpreted without them
    (see https://errorprone.info/bugpattern/UnnecessaryParentheses)
  Did you mean 'assertThat(sanitize.name(longName)).isEqualTo(longName.substring(0, Sanitize.DEFAULT_MAX_LENGTH));'?
[INFO] 
[INFO] --- maven-surefire-plugin:2.22.2:test (default-test) @ metrics-collectd ---
[INFO] Skipping execution of surefire because it has already been run for this configuration
[INFO] 
[INFO] --- maven-bundle-plugin:5.1.2:bundle (default-bundle) @ metrics-collectd ---
[WARNING] Bundle io.dropwizard.metrics:metrics-collectd:bundle:4.1.22 : Unused Import-Package instructions: [javax.servlet*, sun.misc.*, com.sun.management.*] 
[ERROR] Tests run: 2, Failures: 0, Errors: 1, Skipped: 0, Time elapsed: 28.29 s <<< FAILURE! - in com.codahale.metrics.graphite.GraphiteUDPTest
[ERROR] connects(com.codahale.metrics.graphite.GraphiteUDPTest)  Time elapsed: 0.018 s  <<< ERROR!
java.net.UnknownHostException: example.com
	at com.codahale.metrics.graphite.GraphiteUDPTest.connects(GraphiteUDPTest.java:23)

[INFO] Running com.codahale.metrics.graphite.GraphiteRabbitMQTest
[ERROR] Tests run: 2, Failures: 0, Errors: 1, Skipped: 0, Time elapsed: 23.86 s <<< FAILURE! - in com.codahale.metrics.httpclient.InstrumentedHttpClientsTest
[ERROR] registersExpectedMetricsGivenNameStrategy(com.codahale.metrics.httpclient.InstrumentedHttpClientsTest)  Time elapsed: 20.072 s  <<< ERROR!
java.net.UnknownHostException: example.com: Name or service not known
	at com.codahale.metrics.httpclient.InstrumentedHttpClientsTest.registersExpectedMetricsGivenNameStrategy(InstrumentedHttpClientsTest.java:47)

[INFO] Running com.codahale.metrics.httpclient.HttpClientMetricNameStrategiesTest
[INFO] Tests run: 12, Failures: 0, Errors: 0, Skipped: 0, Time elapsed: 0.066 s - in com.codahale.metrics.httpclient.HttpClientMetricNameStrategiesTest
[INFO] 
[INFO] Results:
[INFO] 
[ERROR] Errors: 
[ERROR]   InstrumentedHttpClientsTest.registersExpectedMetricsGivenNameStrategy:47  UnknownHost
[INFO] 
[ERROR] Tests run: 16, Failures: 0, Errors: 1, Skipped: 0
[INFO] 
[INFO] Running com.codahale.metrics.jdbi3.InstrumentedSqlLoggerTest
[INFO] Running com.codahale.metrics.jdbi.InstrumentedTimingCollectorTest
[INFO] Running com.codahale.metrics.jersey2.SingletonMetricsMeteredPerClassJerseyTest
[INFO] Tests run: 11, Failures: 0, Errors: 0, Skipped: 0, Time elapsed: 2.77 s - in com.codahale.metrics.jdbi.InstrumentedTimingCollectorTest
[INFO] 
[INFO] Results:
[INFO] 
[INFO] Tests run: 11, Failures: 0, Errors: 0, Skipped: 0
[INFO] 
[INFO] 
[INFO] --- maven-enforcer-plugin:1.4.1:enforce (enforce) @ metrics-jdbi ---
[INFO] 
[INFO] --- jacoco-maven-plugin:0.8.7:prepare-agent (prepare-agent) @ metrics-jdbi ---
[INFO] argLine set to -javaagent:/mnt/ramdisk/.m2/repository/org/jacoco/org.jacoco.agent/0.8.7/org.jacoco.agent-0.8.7-runtime.jar=destfile=/mnt/ramdisk/build-bench/metrics-4.1.22/metrics-jdbi/target/jacoco.exec
[INFO] 
[INFO] --- maven-resources-plugin:3.2.0:resources (default-resources) @ metrics-jdbi ---
[INFO] Using 'UTF-8' encoding to copy filtered resources.
[INFO] Using 'UTF-8' encoding to copy filtered properties files.
[INFO] skip non existing resourceDirectory /mnt/ramdisk/build-bench/metrics-4.1.22/metrics-jdbi/src/main/resources
[INFO] 
[INFO] --- maven-compiler-plugin:3.8.1:compile (default-compile) @ metrics-jdbi ---
[INFO] Changes detected - recompiling the module!
[INFO] Compiling 9 source files to /mnt/ramdisk/build-bench/metrics-4.1.22/metrics-jdbi/target/classes
[INFO] Tests run: 2, Failures: 0, Errors: 0, Skipped: 0, Time elapsed: 3.448 s - in com.codahale.metrics.jdbi3.InstrumentedSqlLoggerTest
[INFO] Running com.codahale.metrics.jdbi3.strategies.NaiveNameStrategyTest
[INFO] Tests run: 1, Failures: 0, Errors: 0, Skipped: 0, Time elapsed: 0.252 s - in com.codahale.metrics.jdbi3.strategies.NaiveNameStrategyTest
[INFO] Running com.codahale.metrics.jdbi3.strategies.SmartNameStrategyTest
[INFO] Tests run: 4, Failures: 0, Errors: 0, Skipped: 0, Time elapsed: 0.037 s - in com.codahale.metrics.jdbi3.strategies.SmartNameStrategyTest
[INFO] Running com.codahale.metrics.jdbi3.strategies.TimedAnnotationNameStrategyTest
[INFO] Tests run: 7, Failures: 0, Errors: 0, Skipped: 0, Time elapsed: 0.037 s - in com.codahale.metrics.jdbi3.strategies.TimedAnnotationNameStrategyTest
[INFO] Running com.codahale.metrics.jdbi3.strategies.BasicSqlNameStrategyTest
[INFO] Tests run: 1, Failures: 0, Errors: 0, Skipped: 0, Time elapsed: 0.004 s - in com.codahale.metrics.jdbi3.strategies.BasicSqlNameStrategyTest
[INFO] 
[INFO] Results:
[INFO] 
[INFO] Tests run: 15, Failures: 0, Errors: 0, Skipped: 0
[INFO] 
[INFO] 
[INFO] --- maven-enforcer-plugin:1.4.1:enforce (enforce) @ metrics-jdbi3 ---
[INFO] 
[INFO] --- jacoco-maven-plugin:0.8.7:prepare-agent (prepare-agent) @ metrics-jdbi3 ---
[INFO] argLine set to -javaagent:/mnt/ramdisk/.m2/repository/org/jacoco/org.jacoco.agent/0.8.7/org.jacoco.agent-0.8.7-runtime.jar=destfile=/mnt/ramdisk/build-bench/metrics-4.1.22/metrics-jdbi3/target/jacoco.exec
[INFO] 
[INFO] --- maven-resources-plugin:3.2.0:resources (default-resources) @ metrics-jdbi3 ---
[INFO] Using 'UTF-8' encoding to copy filtered resources.
[INFO] Using 'UTF-8' encoding to copy filtered properties files.
[INFO] skip non existing resourceDirectory /mnt/ramdisk/build-bench/metrics-4.1.22/metrics-jdbi3/src/main/resources
[INFO] 
[INFO] --- maven-compiler-plugin:3.8.1:compile (default-compile) @ metrics-jdbi3 ---
[INFO] Changes detected - recompiling the module!
[INFO] Compiling 9 source files to /mnt/ramdisk/build-bench/metrics-4.1.22/metrics-jdbi3/target/classes
[ERROR] Tests run: 2, Failures: 0, Errors: 1, Skipped: 0, Time elapsed: 20.258 s <<< FAILURE! - in com.codahale.metrics.httpclient5.InstrumentedHttpClientsTest
[ERROR] registersExpectedMetricsGivenNameStrategy(com.codahale.metrics.httpclient5.InstrumentedHttpClientsTest)  Time elapsed: 20.029 s  <<< ERROR!
java.net.UnknownHostException: example.com: Name or service not known
	at com.codahale.metrics.httpclient5.InstrumentedHttpClientsTest.registersExpectedMetricsGivenNameStrategy(InstrumentedHttpClientsTest.java:47)

[WARNING] bootstrap class path not set in conjunction with -source 8
[WARNING] Cannot find annotation method 'value()' in type 'edu.umd.cs.findbugs.annotations.SuppressFBWarnings': class file for edu.umd.cs.findbugs.annotations.SuppressFBWarnings not found
[INFO] 
[INFO] --- maven-resources-plugin:3.2.0:testResources (default-testResources) @ metrics-jdbi ---
[INFO] Using 'UTF-8' encoding to copy filtered resources.
[INFO] Using 'UTF-8' encoding to copy filtered properties files.
[INFO] skip non existing resourceDirectory /mnt/ramdisk/build-bench/metrics-4.1.22/metrics-jdbi/src/test/resources
[INFO] 
[INFO] --- maven-compiler-plugin:3.8.1:testCompile (default-testCompile) @ metrics-jdbi ---
[INFO] Changes detected - recompiling the module!
[INFO] Compiling 1 source file to /mnt/ramdisk/build-bench/metrics-4.1.22/metrics-jdbi/target/test-classes
[INFO] 
[INFO] Results:
[INFO] 
[ERROR] Errors: 
[ERROR]   InstrumentedHttpClientsTest.registersExpectedMetricsGivenNameStrategy:47  UnknownHost
[INFO] 
[ERROR] Tests run: 17, Failures: 0, Errors: 1, Skipped: 0
[INFO] 
[WARNING] bootstrap class path not set in conjunction with -source 8
[WARNING] /mnt/ramdisk/build-bench/metrics-4.1.22/metrics-jdbi3/src/main/java/com/codahale/metrics/jdbi3/InstrumentedTimingCollector.java:[8,34] org.jdbi.v3.core.statement.TimingCollector in org.jdbi.v3.core.statement has been deprecated
[INFO] 
[INFO] --- maven-resources-plugin:3.2.0:testResources (default-testResources) @ metrics-jdbi3 ---
[INFO] Using 'UTF-8' encoding to copy filtered resources.
[INFO] Using 'UTF-8' encoding to copy filtered properties files.
[INFO] skip non existing resourceDirectory /mnt/ramdisk/build-bench/metrics-4.1.22/metrics-jdbi3/src/test/resources
[INFO] 
[INFO] --- maven-compiler-plugin:3.8.1:testCompile (default-testCompile) @ metrics-jdbi3 ---
[INFO] Changes detected - recompiling the module!
[INFO] Compiling 6 source files to /mnt/ramdisk/build-bench/metrics-4.1.22/metrics-jdbi3/target/test-classes
[INFO] Tests run: 2, Failures: 0, Errors: 0, Skipped: 0, Time elapsed: 3.756 s - in com.codahale.metrics.jersey2.SingletonMetricsMeteredPerClassJerseyTest
[INFO] Running com.codahale.metrics.jersey2.CustomReservoirImplementationTest
[INFO] Tests run: 1, Failures: 0, Errors: 0, Skipped: 0, Time elapsed: 0.384 s - in com.codahale.metrics.jersey2.CustomReservoirImplementationTest
[INFO] Running com.codahale.metrics.jersey2.SingletonFilterMetricsJerseyTest
[WARNING] bootstrap class path not set in conjunction with -source 8
[INFO] 
[INFO] --- maven-surefire-plugin:2.22.2:test (default-test) @ metrics-jdbi ---
[INFO] Skipping execution of surefire because it has already been run for this configuration
[INFO] 
[INFO] --- maven-bundle-plugin:5.1.2:bundle (default-bundle) @ metrics-jdbi ---
[WARNING] Bundle io.dropwizard.metrics:metrics-jdbi:bundle:4.1.22 : Unused Import-Package instructions: [javax.servlet*, org.slf4j*, sun.misc.*, com.sun.management.*] 
[INFO] Tests run: 9, Failures: 0, Errors: 0, Skipped: 0, Time elapsed: 1.626 s - in com.codahale.metrics.jersey2.SingletonFilterMetricsJerseyTest
[INFO] Running com.codahale.metrics.jersey2.SingletonMetricsTimedPerClassJerseyTest
[WARNING] bootstrap class path not set in conjunction with -source 8
[WARNING] /mnt/ramdisk/build-bench/metrics-4.1.22/metrics-jdbi3/src/test/java/com/codahale/metrics/jdbi3/strategies/SmartNameStrategyTest.java:[3,34] com.codahale.metrics.jdbi3.InstrumentedTimingCollector in com.codahale.metrics.jdbi3 has been deprecated
[WARNING] /mnt/ramdisk/build-bench/metrics-4.1.22/metrics-jdbi3/src/test/java/com/codahale/metrics/jdbi3/strategies/SmartNameStrategyTest.java:[18,13] com.codahale.metrics.jdbi3.InstrumentedTimingCollector in com.codahale.metrics.jdbi3 has been deprecated
[WARNING] /mnt/ramdisk/build-bench/metrics-4.1.22/metrics-jdbi3/src/test/java/com/codahale/metrics/jdbi3/strategies/SmartNameStrategyTest.java:[24,25] com.codahale.metrics.jdbi3.InstrumentedTimingCollector in com.codahale.metrics.jdbi3 has been deprecated
[INFO] 
[INFO] --- maven-surefire-plugin:2.22.2:test (default-test) @ metrics-jdbi3 ---
[INFO] Skipping execution of surefire because it has already been run for this configuration
[INFO] 
[INFO] --- maven-bundle-plugin:5.1.2:bundle (default-bundle) @ metrics-jdbi3 ---
[INFO] Tests run: 2, Failures: 0, Errors: 0, Skipped: 0, Time elapsed: 0.24 s - in com.codahale.metrics.jersey2.SingletonMetricsTimedPerClassJerseyTest
[INFO] Running com.codahale.metrics.jersey2.SingletonMetricsExceptionMeteredPerClassJerseyTest
[WARNING] Bundle io.dropwizard.metrics:metrics-jdbi3:bundle:4.1.22 : Unused Import-Package instructions: [javax.servlet*, org.slf4j*, sun.misc.*, com.sun.management.*] 
[INFO] Tests run: 7, Failures: 0, Errors: 0, Skipped: 0, Time elapsed: 11.214 s - in com.codahale.metrics.graphite.GraphiteRabbitMQTest
[INFO] Running com.codahale.metrics.graphite.GraphiteTest
[INFO] Tests run: 2, Failures: 0, Errors: 0, Skipped: 0, Time elapsed: 0.252 s - in com.codahale.metrics.jersey2.SingletonMetricsExceptionMeteredPerClassJerseyTest
[INFO] Running com.codahale.metrics.jersey2.SingletonMetricsJerseyTest
[INFO] Tests run: 9, Failures: 0, Errors: 0, Skipped: 0, Time elapsed: 0.475 s - in com.codahale.metrics.graphite.GraphiteTest
[INFO] Running com.codahale.metrics.graphite.GraphiteSanitizeTest
[INFO] Tests run: 6, Failures: 0, Errors: 0, Skipped: 0, Time elapsed: 0.764 s - in com.codahale.metrics.jersey2.SingletonMetricsJerseyTest
[INFO] Running com.codahale.metrics.jersey2.SingletonMetricsResponseMeteredPerClassJerseyTest
[INFO] Tests run: 6, Failures: 0, Errors: 0, Skipped: 0, Time elapsed: 0.892 s - in com.codahale.metrics.jersey2.SingletonMetricsResponseMeteredPerClassJerseyTest
[INFO] 
[INFO] Results:
[INFO] 
[INFO] Tests run: 28, Failures: 0, Errors: 0, Skipped: 0
[INFO] 
[INFO] 
[INFO] --- maven-enforcer-plugin:1.4.1:enforce (enforce) @ metrics-jersey2 ---
[INFO] 
[INFO] --- jacoco-maven-plugin:0.8.7:prepare-agent (prepare-agent) @ metrics-jersey2 ---
[INFO] argLine set to -javaagent:/mnt/ramdisk/.m2/repository/org/jacoco/org.jacoco.agent/0.8.7/org.jacoco.agent-0.8.7-runtime.jar=destfile=/mnt/ramdisk/build-bench/metrics-4.1.22/metrics-jersey2/target/jacoco.exec
[INFO] 
[INFO] --- maven-resources-plugin:3.2.0:resources (default-resources) @ metrics-jersey2 ---
[INFO] Using 'UTF-8' encoding to copy filtered resources.
[INFO] Using 'UTF-8' encoding to copy filtered properties files.
[INFO] skip non existing resourceDirectory /mnt/ramdisk/build-bench/metrics-4.1.22/metrics-jersey2/src/main/resources
[INFO] 
[INFO] --- maven-compiler-plugin:3.8.1:compile (default-compile) @ metrics-jersey2 ---
[INFO] Changes detected - recompiling the module!
[INFO] Compiling 2 source files to /mnt/ramdisk/build-bench/metrics-4.1.22/metrics-jersey2/target/classes
[INFO] Tests run: 1, Failures: 0, Errors: 0, Skipped: 0, Time elapsed: 2.25 s - in com.codahale.metrics.graphite.GraphiteSanitizeTest
[INFO] Running com.codahale.metrics.graphite.PickledGraphiteTest
[WARNING] bootstrap class path not set in conjunction with -source 8
[WARNING] /mnt/ramdisk/build-bench/metrics-4.1.22/metrics-jersey2/src/main/java/com/codahale/metrics/jersey2/InstrumentedResourceMethodApplicationListener.java:[495,24] [EqualsGetClass] Prefer instanceof to getClass when implementing Object#equals.
    (see https://errorprone.info/bugpattern/EqualsGetClass)
  Did you mean 'if (!(o instanceof EventTypeAndMethod)) {'?
[INFO] 
[INFO] --- maven-resources-plugin:3.2.0:testResources (default-testResources) @ metrics-jersey2 ---
[INFO] Using 'UTF-8' encoding to copy filtered resources.
[INFO] Using 'UTF-8' encoding to copy filtered properties files.
[INFO] skip non existing resourceDirectory /mnt/ramdisk/build-bench/metrics-4.1.22/metrics-jersey2/src/test/resources
[INFO] 
[INFO] --- maven-compiler-plugin:3.8.1:testCompile (default-testCompile) @ metrics-jersey2 ---
[INFO] Changes detected - recompiling the module!
[INFO] Compiling 22 source files to /mnt/ramdisk/build-bench/metrics-4.1.22/metrics-jersey2/target/test-classes
[WARNING] bootstrap class path not set in conjunction with -source 8
[INFO] 
[INFO] --- maven-surefire-plugin:2.22.2:test (default-test) @ metrics-jersey2 ---
[INFO] Skipping execution of surefire because it has already been run for this configuration
[INFO] 
[INFO] --- maven-bundle-plugin:5.1.2:bundle (default-bundle) @ metrics-jersey2 ---
[WARNING] Bundle io.dropwizard.metrics:metrics-jersey2:bundle:4.1.22 : Unused Import-Package instructions: [javax.servlet*, org.slf4j*, sun.misc.*, com.sun.management.*] 
[INFO] Tests run: 7, Failures: 0, Errors: 0, Skipped: 0, Time elapsed: 12.922 s - in com.codahale.metrics.graphite.PickledGraphiteTest
[INFO] 
[INFO] Results:
[INFO] 
[ERROR] Errors: 
[ERROR]   GraphiteUDPTest.connects:23  UnknownHost example.com
[INFO] 
[ERROR] Tests run: 26, Failures: 0, Errors: 1, Skipped: 0
[INFO] 
[INFO] ------------------------------------------------------------------------
[INFO] Reactor Summary for Metrics Parent 4.1.22:
[INFO] 
[INFO] Metrics Parent ..................................... SUCCESS [  0.446 s]
[INFO] Metrics Documentation .............................. SUCCESS [  4.018 s]
[INFO] Metrics BOM ........................................ SUCCESS [  0.079 s]
[INFO] Annotations for Metrics ............................ SUCCESS [  5.720 s]
[INFO] Metrics Core ....................................... SUCCESS [ 39.786 s]
[INFO] Benchmarks for Metrics ............................. SUCCESS [  9.173 s]
[INFO] Metrics Integration for Caffeine ................... SUCCESS [ 29.550 s]
[INFO] Metrics Integration for Collectd ................... SUCCESS [ 37.747 s]
[INFO] Metrics Integration for Ehcache .................... SUCCESS [ 31.517 s]
[INFO] Graphite Integration for Metrics ................... FAILURE [01:11 min]
[INFO] JVM Integration for Metrics ........................ FAILURE [ 33.042 s]
[INFO] Metrics Health Checks .............................. SKIPPED
[INFO] Metrics Integration for Apache HttpClient .......... FAILURE [ 46.187 s]
[INFO] Metrics Integration for Apache HttpClient 5.x ...... FAILURE [ 52.378 s]
[INFO] Metrics Integration for Apache HttpAsyncClient ..... SKIPPED
[INFO] Metrics Integration for JCache ..................... SKIPPED
[INFO] Metrics JCStress tests ............................. SUCCESS [ 20.285 s]
[INFO] Metrics Integration for JDBI ....................... SUCCESS [ 25.443 s]
[INFO] Metrics Integration for JDBI3 ...................... SUCCESS [ 25.717 s]
[INFO] Metrics Integration for Jersey 2.x ................. SUCCESS [ 32.501 s]
[INFO] Metrics Integration for Jetty 9.3 and higher ....... SKIPPED
[INFO] Metrics Integration with JMX ....................... SKIPPED
[INFO] Jackson Integration for Metrics .................... SKIPPED
[INFO] Metrics Integration for Log4j 2.x .................. SKIPPED
[INFO] Metrics Integration for Logback .................... SKIPPED
[INFO] Metrics Integration for Servlets ................... SKIPPED
[INFO] Metrics Utility Servlets ........................... SKIPPED
[INFO] ------------------------------------------------------------------------
[INFO] BUILD FAILURE
[INFO] ------------------------------------------------------------------------
[INFO] Total time:  01:52 min (Wall Clock)
[INFO] Finished at: 2021-12-26T19:07:31+01:00
[INFO] ------------------------------------------------------------------------
[ERROR] Failed to execute goal org.apache.maven.plugins:maven-surefire-plugin:2.22.2:test (default-test) on project metrics-jvm: There are test failures.
[ERROR] 
[ERROR] Please refer to /mnt/ramdisk/build-bench/metrics-4.1.22/metrics-jvm/target/surefire-reports for the individual test results.
[ERROR] Please refer to dump files (if any exist) [date].dump, [date]-jvmRun[N].dump and [date].dumpstream.
[ERROR] -> [Help 1]
[ERROR] Failed to execute goal org.apache.maven.plugins:maven-surefire-plugin:2.22.2:test (default-test) on project metrics-httpclient: There are test failures.
[ERROR] 
[ERROR] Please refer to /mnt/ramdisk/build-bench/metrics-4.1.22/metrics-httpclient/target/surefire-reports for the individual test results.
[ERROR] Please refer to dump files (if any exist) [date].dump, [date]-jvmRun[N].dump and [date].dumpstream.
[ERROR] -> [Help 1]
[ERROR] Failed to execute goal org.apache.maven.plugins:maven-surefire-plugin:2.22.2:test (default-test) on project metrics-httpclient5: There are test failures.
[ERROR] 
[ERROR] Please refer to /mnt/ramdisk/build-bench/metrics-4.1.22/metrics-httpclient5/target/surefire-reports for the individual test results.
[ERROR] Please refer to dump files (if any exist) [date].dump, [date]-jvmRun[N].dump and [date].dumpstream.
[ERROR] -> [Help 1]
[ERROR] Failed to execute goal org.apache.maven.plugins:maven-surefire-plugin:2.22.2:test (default-test) on project metrics-graphite: There are test failures.
[ERROR] 
[ERROR] Please refer to /mnt/ramdisk/build-bench/metrics-4.1.22/metrics-graphite/target/surefire-reports for the individual test results.
[ERROR] Please refer to dump files (if any exist) [date].dump, [date]-jvmRun[N].dump and [date].dumpstream.
[ERROR] -> [Help 1]
[ERROR] 
[ERROR] To see the full stack trace of the errors, re-run Maven with the -e switch.
[ERROR] Re-run Maven using the -X switch to enable full debug logging.
[ERROR] 
[ERROR] For more information about the errors and possible solutions, please read the following articles:
[ERROR] [Help 1] http://cwiki.apache.org/confluence/display/MAVEN/MojoFailureException
[ERROR] 
[ERROR] After correcting the problems, you can resume the build with the command
[ERROR]   mvn <args> -rf :metrics-jvm
20211226T180731
ELAPSED TIME: 114 s
